#
# There is insufficient memory for the Java Runtime Environment to continue.
# Native memory allocation (malloc) failed to allocate 1553392 bytes. Error detail: Chunk::new
# Possible reasons:
#   The system is out of physical RAM or swap space
#   This process is running with CompressedOops enabled, and the Java Heap may be blocking the growth of the native heap
# Possible solutions:
#   Reduce memory load on the system
#   Increase physical memory or swap space
#   Check if swap backing store is full
#   Decrease Java heap size (-Xmx/-Xms)
#   Decrease number of Java threads
#   Decrease Java thread stack sizes (-Xss)
#   Set larger code cache with -XX:ReservedCodeCacheSize=
#   JVM is running with Unscaled Compressed Oops mode in which the Java heap is
#     placed in the first 4GB address space. The Java Heap base address is the
#     maximum limit for the native heap growth. Please use -XX:HeapBaseMinAddress
#     to set the Java Heap base and to place the Java Heap above 4GB virtual address.
# This output file may be truncated or incomplete.
#
#  Out of Memory Error (arena.cpp:168), pid=31076, tid=5140
#
# JRE version: OpenJDK Runtime Environment Temurin-21.0.10+7 (21.0.10+7) (build 21.0.10+7-LTS)
# Java VM: OpenJDK 64-Bit Server VM Temurin-21.0.10+7 (21.0.10+7-LTS, mixed mode, sharing, tiered, compressed oops, compressed class ptrs, parallel gc, windows-amd64)
# No core dump will be written. Minidumps are not enabled by default on client versions of Windows
#

---------------  S U M M A R Y ------------

Command Line: --add-modules=ALL-SYSTEM --add-opens=java.base/java.util=ALL-UNNAMED --add-opens=java.base/java.lang=ALL-UNNAMED --add-opens=java.base/sun.nio.fs=ALL-UNNAMED -Declipse.application=org.eclipse.jdt.ls.core.id1 -Dosgi.bundles.defaultStartLevel=4 -Declipse.product=org.eclipse.jdt.ls.core.product -Djava.import.generatesMetadataFilesAtProjectRoot=false -DDetectVMInstallationsJob.disabled=true -Dfile.encoding=utf8 -XX:+UseParallelGC -XX:GCTimeRatio=4 -XX:AdaptiveSizePolicyWeight=90 -Dsun.zip.disableMemoryMapping=true -Xmx2G -Xms100m -Xlog:disable -javaagent:c:\Users\olive\.vscode\extensions\redhat.java-1.53.0-win32-x64\lombok\lombok-1.18.39-4050.jar -XX:+HeapDumpOnOutOfMemoryError -XX:HeapDumpPath=c:\Users\olive\AppData\Roaming\Code\User\workspaceStorage\e2f2a138103fb4953515a920a537e255\redhat.java -Daether.dependencyCollector.impl=bf c:\Users\olive\.vscode\extensions\redhat.java-1.53.0-win32-x64\server\plugins\org.eclipse.equinox.launcher_1.7.100.v20251111-0406.jar -configuration c:\Users\olive\AppData\Roaming\Code\User\globalStorage\redhat.java\1.53.0\config_win -data c:\Users\olive\AppData\Roaming\Code\User\workspaceStorage\e2f2a138103fb4953515a920a537e255\redhat.java\jdt_ws --pipe=\\.\pipe\lsp-74760bc126becffd16873376d241c463-sock

Host: AMD Ryzen 5 4600H with Radeon Graphics         , 12 cores, 7G,  Windows 11 , 64 bit Build 26100 (10.0.26100.7705)
Time: Fri Mar  6 16:26:48 2026 SA Western Standard Time elapsed time: 92.094600 seconds (0d 0h 1m 32s)

---------------  T H R E A D  ---------------

Current thread (0x00000209b14987d0):  JavaThread "C2 CompilerThread0" daemon [_thread_in_native, id=5140, stack(0x000000d653a00000,0x000000d653b00000) (1024K)]


Current CompileTask:
C2:92094 8272       4       java.io.ObjectInputStream::readClassDesc (121 bytes)

Stack: [0x000000d653a00000,0x000000d653b00000]
Native frames: (J=compiled Java code, j=interpreted, Vv=VM code, C=native code)
V  [jvm.dll+0x6d7a39]
V  [jvm.dll+0x8b4b26]
V  [jvm.dll+0x8b70de]
V  [jvm.dll+0x8b77c3]
V  [jvm.dll+0x284346]
V  [jvm.dll+0xc66ed]
V  [jvm.dll+0xc6c31]
V  [jvm.dll+0x3bec3b]
V  [jvm.dll+0x38b162]
V  [jvm.dll+0x38a5aa]
V  [jvm.dll+0x24c560]
V  [jvm.dll+0x24bb40]
V  [jvm.dll+0x1cb34e]
V  [jvm.dll+0x25b85d]
V  [jvm.dll+0x259dea]
V  [jvm.dll+0x3f857e]
V  [jvm.dll+0x85f59d]
V  [jvm.dll+0x6d626d]
C  [ucrtbase.dll+0x37b0]
C  [KERNEL32.DLL+0x2e8d7]
C  [ntdll.dll+0x8c40c]


---------------  P R O C E S S  ---------------

Threads class SMR info:
_java_thread_list=0x0000020a10b95290, length=55, elements={
0x00000209b13de1a0, 0x00000209c7e8dbf0, 0x00000209b147ffc0, 0x00000209b1485c70,
0x00000209b14868d0, 0x00000209b148a940, 0x00000209b1494420, 0x00000209b14987d0,
0x00000209b149b920, 0x0000020a0a418650, 0x0000020a0a58b260, 0x0000020a10128230,
0x0000020a101295e0, 0x0000020a10129c70, 0x0000020a10127510, 0x0000020a1012a300,
0x0000020a10127ba0, 0x0000020a101288c0, 0x0000020a10128f50, 0x0000020a109036e0,
0x0000020a10900f80, 0x0000020a10901ca0, 0x0000020a109008f0, 0x0000020a109057b0,
0x0000020a10904400, 0x0000020a109029c0, 0x0000020a109071f0, 0x0000020a10905e40,
0x0000020a109064d0, 0x0000020a10906b60, 0x0000020a10907880, 0x0000020a10907f10,
0x0000020a10904a90, 0x0000020a10905120, 0x0000020a12e24f70, 0x0000020a12e25c90,
0x0000020a12e23530, 0x0000020a12e24250, 0x0000020a12e248e0, 0x0000020a12e23bc0,
0x0000020a12e25600, 0x0000020a12e22ea0, 0x0000020a12e27040, 0x0000020a12e27d60,
0x0000020a12e276d0, 0x0000020a12e28a80, 0x0000020a12e297a0, 0x0000020a12e29e30,
0x0000020a12e29110, 0x0000020a12e2a4c0, 0x0000020a10903d70, 0x0000020a10902330,
0x0000020a10903050, 0x0000020a124b9700, 0x0000020a124ba420
}

Java Threads: ( => current thread )
  0x00000209b13de1a0 JavaThread "main"                              [_thread_blocked, id=20292, stack(0x000000d653000000,0x000000d653100000) (1024K)]
  0x00000209c7e8dbf0 JavaThread "Reference Handler"          daemon [_thread_blocked, id=36708, stack(0x000000d653400000,0x000000d653500000) (1024K)]
  0x00000209b147ffc0 JavaThread "Finalizer"                  daemon [_thread_blocked, id=18884, stack(0x000000d653500000,0x000000d653600000) (1024K)]
  0x00000209b1485c70 JavaThread "Signal Dispatcher"          daemon [_thread_blocked, id=26400, stack(0x000000d653600000,0x000000d653700000) (1024K)]
  0x00000209b14868d0 JavaThread "Attach Listener"            daemon [_thread_blocked, id=23368, stack(0x000000d653700000,0x000000d653800000) (1024K)]
  0x00000209b148a940 JavaThread "Service Thread"             daemon [_thread_blocked, id=39296, stack(0x000000d653800000,0x000000d653900000) (1024K)]
  0x00000209b1494420 JavaThread "Monitor Deflation Thread"   daemon [_thread_blocked, id=39596, stack(0x000000d653900000,0x000000d653a00000) (1024K)]
=>0x00000209b14987d0 JavaThread "C2 CompilerThread0"         daemon [_thread_in_native, id=5140, stack(0x000000d653a00000,0x000000d653b00000) (1024K)]
  0x00000209b149b920 JavaThread "C1 CompilerThread0"         daemon [_thread_blocked, id=20432, stack(0x000000d653b00000,0x000000d653c00000) (1024K)]
  0x0000020a0a418650 JavaThread "Common-Cleaner"             daemon [_thread_blocked, id=29488, stack(0x000000d653c00000,0x000000d653d00000) (1024K)]
  0x0000020a0a58b260 JavaThread "Notification Thread"        daemon [_thread_blocked, id=28912, stack(0x000000d653e00000,0x000000d653f00000) (1024K)]
  0x0000020a10128230 JavaThread "Active Thread: Equinox Container: 2b00d10d-b19c-406d-aaa1-d19aeb74a7ad"        [_thread_blocked, id=7008, stack(0x000000d654600000,0x000000d654700000) (1024K)]
  0x0000020a101295e0 JavaThread "Refresh Thread: Equinox Container: 2b00d10d-b19c-406d-aaa1-d19aeb74a7ad" daemon [_thread_blocked, id=11272, stack(0x000000d654800000,0x000000d654900000) (1024K)]
  0x0000020a10129c70 JavaThread "Framework Event Dispatcher: Equinox Container: 2b00d10d-b19c-406d-aaa1-d19aeb74a7ad" daemon [_thread_blocked, id=24360, stack(0x000000d654900000,0x000000d654a00000) (1024K)]
  0x0000020a10127510 JavaThread "Start Level: Equinox Container: 2b00d10d-b19c-406d-aaa1-d19aeb74a7ad" daemon [_thread_blocked, id=16592, stack(0x000000d654a00000,0x000000d654b00000) (1024K)]
  0x0000020a1012a300 JavaThread "Bundle File Closer"         daemon [_thread_blocked, id=12172, stack(0x000000d654d00000,0x000000d654e00000) (1024K)]
  0x0000020a10127ba0 JavaThread "SCR Component Actor"        daemon [_thread_blocked, id=39688, stack(0x000000d653d00000,0x000000d653e00000) (1024K)]
  0x0000020a101288c0 JavaThread "Worker-JM"                         [_thread_blocked, id=35632, stack(0x000000d654f00000,0x000000d655000000) (1024K)]
  0x0000020a10128f50 JavaThread "JNA Cleaner"                daemon [_thread_blocked, id=36644, stack(0x000000d654e00000,0x000000d654f00000) (1024K)]
  0x0000020a109036e0 JavaThread "Worker-1"                          [_thread_blocked, id=3512, stack(0x000000d655100000,0x000000d655200000) (1024K)]
  0x0000020a10900f80 JavaThread "Worker-2: Initialize Workspace"        [_thread_blocked, id=37452, stack(0x000000d655200000,0x000000d655300000) (1024K)]
  0x0000020a10901ca0 JavaThread "Java indexing"              daemon [_thread_blocked, id=36068, stack(0x000000d655300000,0x000000d655400000) (1024K)]
  0x0000020a109008f0 JavaThread "Worker-5"                          [_thread_blocked, id=37500, stack(0x000000d655600000,0x000000d655700000) (1024K)]
  0x0000020a109057b0 JavaThread "Thread-1"                   daemon [_thread_in_native, id=26300, stack(0x000000d655b00000,0x000000d655c00000) (1024K)]
  0x0000020a10904400 JavaThread "Thread-2"                   daemon [_thread_in_native, id=38600, stack(0x000000d655c00000,0x000000d655d00000) (1024K)]
  0x0000020a109029c0 JavaThread "Thread-3"                   daemon [_thread_in_native, id=25388, stack(0x000000d655d00000,0x000000d655e00000) (1024K)]
  0x0000020a109071f0 JavaThread "Thread-4"                   daemon [_thread_in_native, id=28360, stack(0x000000d655e00000,0x000000d655f00000) (1024K)]
  0x0000020a10905e40 JavaThread "Thread-5"                   daemon [_thread_in_native, id=28780, stack(0x000000d655f00000,0x000000d656000000) (1024K)]
  0x0000020a109064d0 JavaThread "Thread-6"                   daemon [_thread_in_native, id=12136, stack(0x000000d656000000,0x000000d656100000) (1024K)]
  0x0000020a10906b60 JavaThread "Thread-7"                   daemon [_thread_in_native, id=1752, stack(0x000000d656100000,0x000000d656200000) (1024K)]
  0x0000020a10907880 JavaThread "Thread-8"                   daemon [_thread_in_native, id=37972, stack(0x000000d656200000,0x000000d656300000) (1024K)]
  0x0000020a10907f10 JavaThread "Thread-9"                   daemon [_thread_in_native, id=372, stack(0x000000d656300000,0x000000d656400000) (1024K)]
  0x0000020a10904a90 JavaThread "Thread-10"                  daemon [_thread_in_native, id=29096, stack(0x000000d656400000,0x000000d656500000) (1024K)]
  0x0000020a10905120 JavaThread "Thread-11"                  daemon [_thread_in_native, id=19048, stack(0x000000d656500000,0x000000d656600000) (1024K)]
  0x0000020a12e24f70 JavaThread "Thread-12"                  daemon [_thread_in_native, id=36412, stack(0x000000d656600000,0x000000d656700000) (1024K)]
  0x0000020a12e25c90 JavaThread "Thread-13"                  daemon [_thread_in_native, id=20828, stack(0x000000d656700000,0x000000d656800000) (1024K)]
  0x0000020a12e23530 JavaThread "pool-2-thread-1"                   [_thread_blocked, id=24008, stack(0x000000d656800000,0x000000d656900000) (1024K)]
  0x0000020a12e24250 JavaThread "WorkspaceEventsHandler"            [_thread_blocked, id=26484, stack(0x000000d656900000,0x000000d656a00000) (1024K)]
  0x0000020a12e248e0 JavaThread "pool-1-thread-1"                   [_thread_blocked, id=15508, stack(0x000000d656a00000,0x000000d656b00000) (1024K)]
  0x0000020a12e23bc0 JavaThread "LocalFile Deleter"          daemon [_thread_blocked, id=33724, stack(0x000000d656c00000,0x000000d656d00000) (1024K)]
  0x0000020a12e25600 JavaThread "LocalFile Deleter"          daemon [_thread_blocked, id=37664, stack(0x000000d656d00000,0x000000d656e00000) (1024K)]
  0x0000020a12e22ea0 JavaThread "Compiler Source File Reader" daemon [_thread_blocked, id=17004, stack(0x000000d656e00000,0x000000d656f00000) (1024K)]
  0x0000020a12e27040 JavaThread "Compiler Class File Writer" daemon [_thread_blocked, id=29156, stack(0x000000d657000000,0x000000d657100000) (1024K)]
  0x0000020a12e27d60 JavaThread "ForkJoinPool.commonPool-worker-1" daemon [_thread_blocked, id=30684, stack(0x000000d657100000,0x000000d657200000) (1024K)]
  0x0000020a12e276d0 JavaThread "Timer-0"                           [_thread_blocked, id=13704, stack(0x000000d652d00000,0x000000d652e00000) (1024K)]
  0x0000020a12e28a80 JavaThread "Exec process"                      [_thread_blocked, id=4160, stack(0x000000d653f00000,0x000000d654000000) (1024K)]
  0x0000020a12e297a0 JavaThread "Exec process Thread 2"             [_thread_blocked, id=38752, stack(0x000000d652e00000,0x000000d652f00000) (1024K)]
  0x0000020a12e29e30 JavaThread "Exec process Thread 3"             [_thread_blocked, id=7100, stack(0x000000d655000000,0x000000d655100000) (1024K)]
  0x0000020a12e29110 JavaThread "Timer-1"                           [_thread_blocked, id=30344, stack(0x000000d652f00000,0x000000d653000000) (1024K)]
  0x0000020a12e2a4c0 JavaThread "Timer-2"                           [_thread_blocked, id=37760, stack(0x000000d655400000,0x000000d655500000) (1024K)]
  0x0000020a10903d70 JavaThread "Timer-3"                           [_thread_blocked, id=32936, stack(0x000000d655a00000,0x000000d655b00000) (1024K)]
  0x0000020a10902330 JavaThread "Timer-4"                           [_thread_blocked, id=8704, stack(0x000000d656b00000,0x000000d656c00000) (1024K)]
  0x0000020a10903050 JavaThread "Connection worker"                 [_thread_in_native, id=25260, stack(0x000000d656f00000,0x000000d657000000) (1024K)]
  0x0000020a124b9700 JavaThread "pool-3-thread-1"                   [_thread_blocked, id=13936, stack(0x000000d655500000,0x000000d655600000) (1024K)]
  0x0000020a124ba420 JavaThread "Forward input"                     [_thread_blocked, id=29520, stack(0x000000d657600000,0x000000d657700000) (1024K)]
Total: 55

Other Threads:
  0x00000209c7e73720 VMThread "VM Thread"                           [id=34068, stack(0x000000d653300000,0x000000d653400000) (1024K)]
  0x00000209c7d6ca00 WatcherThread "VM Periodic Task Thread"        [id=32796, stack(0x000000d653200000,0x000000d653300000) (1024K)]
  0x00000209b13fda40 WorkerThread "GC Thread#0"                     [id=37444, stack(0x000000d653100000,0x000000d653200000) (1024K)]
  0x0000020a0b73e100 WorkerThread "GC Thread#1"                     [id=24500, stack(0x000000d654000000,0x000000d654100000) (1024K)]
  0x0000020a0b73dd50 WorkerThread "GC Thread#2"                     [id=38612, stack(0x000000d654100000,0x000000d654200000) (1024K)]
  0x0000020a0b73d240 WorkerThread "GC Thread#3"                     [id=17656, stack(0x000000d654200000,0x000000d654300000) (1024K)]
  0x0000020a0b73e4b0 WorkerThread "GC Thread#4"                     [id=8984, stack(0x000000d654300000,0x000000d654400000) (1024K)]
  0x0000020a0b73cae0 WorkerThread "GC Thread#5"                     [id=36948, stack(0x000000d654400000,0x000000d654500000) (1024K)]
  0x0000020a0b73ce90 WorkerThread "GC Thread#6"                     [id=11716, stack(0x000000d654500000,0x000000d654600000) (1024K)]
  0x0000020a0b73d5f0 WorkerThread "GC Thread#7"                     [id=39668, stack(0x000000d654700000,0x000000d654800000) (1024K)]
  0x0000020a106327f0 WorkerThread "GC Thread#8"                     [id=34628, stack(0x000000d654b00000,0x000000d654c00000) (1024K)]
  0x0000020a10632440 WorkerThread "GC Thread#9"                     [id=8588, stack(0x000000d654c00000,0x000000d654d00000) (1024K)]
Total: 12

Threads with active compile tasks:
C2 CompilerThread0  92119 8272       4       java.io.ObjectInputStream::readClassDesc (121 bytes)
Total: 1

VM state: not at safepoint (normal execution)

VM Mutex/Monitor currently owned by a thread: None

Heap address: 0x0000000080000000, size: 2048 MB, Compressed Oops mode: 32-bit

CDS archive(s) mapped at: [0x00000209c8000000-0x00000209c8ba0000-0x00000209c8ba0000), size 12189696, SharedBaseAddress: 0x00000209c8000000, ArchiveRelocationMode: 1.
Compressed class space mapped at: 0x00000209c9000000-0x0000020a09000000, reserved size: 1073741824
Narrow klass base: 0x00000209c8000000, Narrow klass shift: 0, Narrow klass range: 0x100000000

GC Precious Log:
 CardTable entry size: 512
 CPUs: 12 total, 12 available
 Memory: 7598M
 Large Page Support: Disabled
 NUMA Support: Disabled
 Compressed Oops: Enabled (32-bit)
 Alignments: Space 512K, Generation 512K, Heap 2M
 Heap Min Capacity: 100M
 Heap Initial Capacity: 100M
 Heap Max Capacity: 2G
 Pre-touch: Disabled
 Parallel Workers: 10

Heap:
 PSYoungGen      total 21504K, used 18990K [0x00000000d5580000, 0x00000000d6c80000, 0x0000000100000000)
  eden space 20992K, 88% used [0x00000000d5580000,0x00000000d67b3a10,0x00000000d6a00000)
  from space 512K, 68% used [0x00000000d6c00000,0x00000000d6c58000,0x00000000d6c80000)
  to   space 1024K, 0% used [0x00000000d6a80000,0x00000000d6a80000,0x00000000d6b80000)
 ParOldGen       total 68608K, used 55914K [0x0000000080000000, 0x0000000084300000, 0x00000000d5580000)
  object space 68608K, 81% used [0x0000000080000000,0x000000008369aae8,0x0000000084300000)
 Metaspace       used 72009K, committed 73536K, reserved 1114112K
  class space    used 8884K, committed 9536K, reserved 1048576K

Card table byte_map: [0x00000209b0d90000,0x00000209b11a0000] _byte_map_base: 0x00000209b0990000

Marking Bits: (ParMarkBitMap*) 0x00007ff90dbd3450
 Begin Bits: [0x00000209c3890000, 0x00000209c5890000)
 End Bits:   [0x00000209c5890000, 0x00000209c7890000)

Polling page: 0x00000209af3c0000

Metaspace:

Usage:
  Non-class:     61.65 MB used.
      Class:      8.68 MB used.
       Both:     70.32 MB used.

Virtual space:
  Non-class space:       64.00 MB reserved,      62.50 MB ( 98%) committed,  1 nodes.
      Class space:        1.00 GB reserved,       9.31 MB ( <1%) committed,  1 nodes.
             Both:        1.06 GB reserved,      71.81 MB (  7%) committed. 

Chunk freelists:
   Non-Class:  700.00 KB
       Class:  6.55 MB
        Both:  7.24 MB

MaxMetaspaceSize: unlimited
CompressedClassSpaceSize: 1.00 GB
Initial GC threshold: 21.00 MB
Current GC threshold: 97.31 MB
CDS: on
 - commit_granule_bytes: 65536.
 - commit_granule_words: 8192.
 - virtual_space_node_default_size: 8388608.
 - enlarge_chunks_in_place: 1.
 - use_allocation_guard: 0.


Internal statistics:

num_allocs_failed_limit: 9.
num_arena_births: 1206.
num_arena_deaths: 26.
num_vsnodes_births: 2.
num_vsnodes_deaths: 0.
num_space_committed: 1149.
num_space_uncommitted: 0.
num_chunks_returned_to_freelist: 40.
num_chunks_taken_from_freelist: 4493.
num_chunk_merges: 16.
num_chunk_splits: 2797.
num_chunks_enlarged: 1625.
num_inconsistent_stats: 0.

CodeHeap 'non-profiled nmethods': size=120000Kb used=5073Kb max_used=5073Kb free=114926Kb
 bounds [0x00000209bc0b0000, 0x00000209bc5b0000, 0x00000209c35e0000]
CodeHeap 'profiled nmethods': size=120000Kb used=15064Kb max_used=15064Kb free=104935Kb
 bounds [0x00000209b45e0000, 0x00000209b54a0000, 0x00000209bbb10000]
CodeHeap 'non-nmethods': size=5760Kb used=1418Kb max_used=1461Kb free=4342Kb
 bounds [0x00000209bbb10000, 0x00000209bbd80000, 0x00000209bc0b0000]
CodeCache: size=245760Kb, used=21555Kb, max_used=21598Kb, free=224203Kb
 total_blobs=8246, nmethods=7515, adapters=637, full_count=0
Compilation: enabled, stopped_count=0, restarted_count=0

Compilation events (20 events):
Event: 91.715 Thread 0x00000209b149b920 nmethod 8268 0x00000209b548fd10 code [0x00000209b548ff80, 0x00000209b5490b30]
Event: 91.715 Thread 0x00000209b149b920 8269   !   3       jdk.internal.reflect.GeneratedSerializationConstructorAccessor34::newInstance (49 bytes)
Event: 91.716 Thread 0x00000209b149b920 nmethod 8269 0x00000209b5490f90 code [0x00000209b5491180, 0x00000209b54915a0]
Event: 91.716 Thread 0x00000209b149b920 8270   !   3       jdk.internal.reflect.GeneratedSerializationConstructorAccessor37::newInstance (49 bytes)
Event: 91.716 Thread 0x00000209b149b920 nmethod 8270 0x00000209b5491810 code [0x00000209b5491a00, 0x00000209b5491e20]
Event: 91.716 Thread 0x00000209b149b920 8271       3       org.gradle.tooling.internal.consumer.parameters.BuildProgressListenerAdapter::assertDescriptorType (53 bytes)
Event: 91.717 Thread 0x00000209b149b920 nmethod 8271 0x00000209b5492090 code [0x00000209b5492360, 0x00000209b5493308]
Event: 91.787 Thread 0x00000209b14987d0 8272       4       java.io.ObjectInputStream::readClassDesc (121 bytes)
Event: 91.810 Thread 0x00000209b149b920 8274       3       jdk.internal.reflect.ClassFileAssembler::append (30 bytes)
Event: 91.811 Thread 0x00000209b149b920 nmethod 8274 0x00000209b5493910 code [0x00000209b5493b00, 0x00000209b5493fd8]
Event: 91.814 Thread 0x00000209b149b920 8276       3       java.lang.reflect.Constructor::<init> (50 bytes)
Event: 91.815 Thread 0x00000209b149b920 nmethod 8276 0x00000209b5494290 code [0x00000209b5494440, 0x00000209b5494708]
Event: 91.816 Thread 0x00000209b149b920 8277       3       jdk.internal.reflect.ClassFileAssembler::opc_invokespecial (26 bytes)
Event: 91.817 Thread 0x00000209b149b920 nmethod 8277 0x00000209b5494810 code [0x00000209b5494a20, 0x00000209b5494f70]
Event: 91.817 Thread 0x00000209b149b920 8278       3       jdk.internal.reflect.ClassFileAssembler::emitInt (46 bytes)
Event: 91.818 Thread 0x00000209b149b920 nmethod 8278 0x00000209b5495210 code [0x00000209b5495420, 0x00000209b5495940]
Event: 91.818 Thread 0x00000209b149b920 8279       1       java.io.ObjectStreamField::getOffset (5 bytes)
Event: 91.818 Thread 0x00000209b149b920 nmethod 8279 0x00000209bc5a4490 code [0x00000209bc5a4620, 0x00000209bc5a46e8]
Event: 91.822 Thread 0x00000209b149b920 8281       3       java.io.ObjectInputStream$BlockDataInputStream::read (62 bytes)
Event: 91.823 Thread 0x00000209b149b920 nmethod 8281 0x00000209b5495b90 code [0x00000209b5495d60, 0x00000209b5496030]

GC Heap History (20 events):
Event: 76.268 GC heap before
{Heap before GC invocations=44 (full 3):
 PSYoungGen      total 21504K, used 21408K [0x00000000d5580000, 0x00000000d6e80000, 0x0000000100000000)
  eden space 20992K, 100% used [0x00000000d5580000,0x00000000d6a00000,0x00000000d6a00000)
  from space 512K, 81% used [0x00000000d6e00000,0x00000000d6e68000,0x00000000d6e80000)
  to   space 1024K, 0% used [0x00000000d6c80000,0x00000000d6c80000,0x00000000d6d80000)
 ParOldGen       total 68608K, used 53575K [0x0000000080000000, 0x0000000084300000, 0x00000000d5580000)
  object space 68608K, 78% used [0x0000000080000000,0x0000000083451e90,0x0000000084300000)
 Metaspace       used 68771K, committed 70144K, reserved 1114112K
  class space    used 8428K, committed 9024K, reserved 1048576K
}
Event: 76.269 GC heap after
{Heap after GC invocations=44 (full 3):
 PSYoungGen      total 22016K, used 522K [0x00000000d5580000, 0x00000000d6e80000, 0x0000000100000000)
  eden space 20992K, 0% used [0x00000000d5580000,0x00000000d5580000,0x00000000d6a00000)
  from space 1024K, 51% used [0x00000000d6c80000,0x00000000d6d02a50,0x00000000d6d80000)
  to   space 1024K, 0% used [0x00000000d6d80000,0x00000000d6d80000,0x00000000d6e80000)
 ParOldGen       total 68608K, used 53759K [0x0000000080000000, 0x0000000084300000, 0x00000000d5580000)
  object space 68608K, 78% used [0x0000000080000000,0x000000008347fea0,0x0000000084300000)
 Metaspace       used 68771K, committed 70144K, reserved 1114112K
  class space    used 8428K, committed 9024K, reserved 1048576K
}
Event: 76.465 GC heap before
{Heap before GC invocations=45 (full 3):
 PSYoungGen      total 22016K, used 21514K [0x00000000d5580000, 0x00000000d6e80000, 0x0000000100000000)
  eden space 20992K, 100% used [0x00000000d5580000,0x00000000d6a00000,0x00000000d6a00000)
  from space 1024K, 51% used [0x00000000d6c80000,0x00000000d6d02a50,0x00000000d6d80000)
  to   space 1024K, 0% used [0x00000000d6d80000,0x00000000d6d80000,0x00000000d6e80000)
 ParOldGen       total 68608K, used 53759K [0x0000000080000000, 0x0000000084300000, 0x00000000d5580000)
  object space 68608K, 78% used [0x0000000080000000,0x000000008347fea0,0x0000000084300000)
 Metaspace       used 69905K, committed 71360K, reserved 1114112K
  class space    used 8611K, committed 9216K, reserved 1048576K
}
Event: 76.466 GC heap after
{Heap after GC invocations=45 (full 3):
 PSYoungGen      total 22016K, used 517K [0x00000000d5580000, 0x00000000d6e80000, 0x0000000100000000)
  eden space 20992K, 0% used [0x00000000d5580000,0x00000000d5580000,0x00000000d6a00000)
  from space 1024K, 50% used [0x00000000d6d80000,0x00000000d6e014d0,0x00000000d6e80000)
  to   space 1024K, 0% used [0x00000000d6c80000,0x00000000d6c80000,0x00000000d6d80000)
 ParOldGen       total 68608K, used 53919K [0x0000000080000000, 0x0000000084300000, 0x00000000d5580000)
  object space 68608K, 78% used [0x0000000080000000,0x00000000834a7ea0,0x0000000084300000)
 Metaspace       used 69905K, committed 71360K, reserved 1114112K
  class space    used 8611K, committed 9216K, reserved 1048576K
}
Event: 76.591 GC heap before
{Heap before GC invocations=46 (full 3):
 PSYoungGen      total 22016K, used 21509K [0x00000000d5580000, 0x00000000d6e80000, 0x0000000100000000)
  eden space 20992K, 100% used [0x00000000d5580000,0x00000000d6a00000,0x00000000d6a00000)
  from space 1024K, 50% used [0x00000000d6d80000,0x00000000d6e014d0,0x00000000d6e80000)
  to   space 1024K, 0% used [0x00000000d6c80000,0x00000000d6c80000,0x00000000d6d80000)
 ParOldGen       total 68608K, used 53919K [0x0000000080000000, 0x0000000084300000, 0x00000000d5580000)
  object space 68608K, 78% used [0x0000000080000000,0x00000000834a7ea0,0x0000000084300000)
 Metaspace       used 69906K, committed 71360K, reserved 1114112K
  class space    used 8611K, committed 9216K, reserved 1048576K
}
Event: 76.592 GC heap after
{Heap after GC invocations=46 (full 3):
 PSYoungGen      total 22016K, used 288K [0x00000000d5580000, 0x00000000d6e00000, 0x0000000100000000)
  eden space 20992K, 0% used [0x00000000d5580000,0x00000000d5580000,0x00000000d6a00000)
  from space 1024K, 28% used [0x00000000d6c80000,0x00000000d6cc8000,0x00000000d6d80000)
  to   space 512K, 0% used [0x00000000d6d80000,0x00000000d6d80000,0x00000000d6e00000)
 ParOldGen       total 68608K, used 54226K [0x0000000080000000, 0x0000000084300000, 0x00000000d5580000)
  object space 68608K, 79% used [0x0000000080000000,0x00000000834f4a20,0x0000000084300000)
 Metaspace       used 69906K, committed 71360K, reserved 1114112K
  class space    used 8611K, committed 9216K, reserved 1048576K
}
Event: 76.711 GC heap before
{Heap before GC invocations=47 (full 3):
 PSYoungGen      total 22016K, used 21280K [0x00000000d5580000, 0x00000000d6e00000, 0x0000000100000000)
  eden space 20992K, 100% used [0x00000000d5580000,0x00000000d6a00000,0x00000000d6a00000)
  from space 1024K, 28% used [0x00000000d6c80000,0x00000000d6cc8000,0x00000000d6d80000)
  to   space 512K, 0% used [0x00000000d6d80000,0x00000000d6d80000,0x00000000d6e00000)
 ParOldGen       total 68608K, used 54226K [0x0000000080000000, 0x0000000084300000, 0x00000000d5580000)
  object space 68608K, 79% used [0x0000000080000000,0x00000000834f4a20,0x0000000084300000)
 Metaspace       used 69915K, committed 71360K, reserved 1114112K
  class space    used 8613K, committed 9216K, reserved 1048576K
}
Event: 76.715 GC heap after
{Heap after GC invocations=47 (full 3):
 PSYoungGen      total 21504K, used 496K [0x00000000d5580000, 0x00000000d6e00000, 0x0000000100000000)
  eden space 20992K, 0% used [0x00000000d5580000,0x00000000d5580000,0x00000000d6a00000)
  from space 512K, 97% used [0x00000000d6d80000,0x00000000d6dfc3f8,0x00000000d6e00000)
  to   space 2048K, 0% used [0x00000000d6a00000,0x00000000d6a00000,0x00000000d6c00000)
 ParOldGen       total 68608K, used 55122K [0x0000000080000000, 0x0000000084300000, 0x00000000d5580000)
  object space 68608K, 80% used [0x0000000080000000,0x00000000835d4988,0x0000000084300000)
 Metaspace       used 69915K, committed 71360K, reserved 1114112K
  class space    used 8613K, committed 9216K, reserved 1048576K
}
Event: 76.864 GC heap before
{Heap before GC invocations=48 (full 3):
 PSYoungGen      total 21504K, used 21488K [0x00000000d5580000, 0x00000000d6e00000, 0x0000000100000000)
  eden space 20992K, 100% used [0x00000000d5580000,0x00000000d6a00000,0x00000000d6a00000)
  from space 512K, 97% used [0x00000000d6d80000,0x00000000d6dfc3f8,0x00000000d6e00000)
  to   space 2048K, 0% used [0x00000000d6a00000,0x00000000d6a00000,0x00000000d6c00000)
 ParOldGen       total 68608K, used 55122K [0x0000000080000000, 0x0000000084300000, 0x00000000d5580000)
  object space 68608K, 80% used [0x0000000080000000,0x00000000835d4988,0x0000000084300000)
 Metaspace       used 69915K, committed 71360K, reserved 1114112K
  class space    used 8613K, committed 9216K, reserved 1048576K
}
Event: 76.865 GC heap after
{Heap after GC invocations=48 (full 3):
 PSYoungGen      total 23040K, used 1175K [0x00000000d5580000, 0x00000000d6e00000, 0x0000000100000000)
  eden space 20992K, 0% used [0x00000000d5580000,0x00000000d5580000,0x00000000d6a00000)
  from space 2048K, 57% used [0x00000000d6a00000,0x00000000d6b25e30,0x00000000d6c00000)
  to   space 1536K, 0% used [0x00000000d6c80000,0x00000000d6c80000,0x00000000d6e00000)
 ParOldGen       total 68608K, used 55194K [0x0000000080000000, 0x0000000084300000, 0x00000000d5580000)
  object space 68608K, 80% used [0x0000000080000000,0x00000000835e6998,0x0000000084300000)
 Metaspace       used 69915K, committed 71360K, reserved 1114112K
  class space    used 8613K, committed 9216K, reserved 1048576K
}
Event: 76.998 GC heap before
{Heap before GC invocations=49 (full 3):
 PSYoungGen      total 23040K, used 22167K [0x00000000d5580000, 0x00000000d6e00000, 0x0000000100000000)
  eden space 20992K, 100% used [0x00000000d5580000,0x00000000d6a00000,0x00000000d6a00000)
  from space 2048K, 57% used [0x00000000d6a00000,0x00000000d6b25e30,0x00000000d6c00000)
  to   space 1536K, 0% used [0x00000000d6c80000,0x00000000d6c80000,0x00000000d6e00000)
 ParOldGen       total 68608K, used 55194K [0x0000000080000000, 0x0000000084300000, 0x00000000d5580000)
  object space 68608K, 80% used [0x0000000080000000,0x00000000835e6998,0x0000000084300000)
 Metaspace       used 69915K, committed 71360K, reserved 1114112K
  class space    used 8613K, committed 9216K, reserved 1048576K
}
Event: 76.999 GC heap after
{Heap after GC invocations=49 (full 3):
 PSYoungGen      total 22528K, used 1363K [0x00000000d5580000, 0x00000000d6e00000, 0x0000000100000000)
  eden space 20992K, 0% used [0x00000000d5580000,0x00000000d5580000,0x00000000d6a00000)
  from space 1536K, 88% used [0x00000000d6c80000,0x00000000d6dd4c50,0x00000000d6e00000)
  to   space 1536K, 0% used [0x00000000d6b00000,0x00000000d6b00000,0x00000000d6c80000)
 ParOldGen       total 68608K, used 55258K [0x0000000080000000, 0x0000000084300000, 0x00000000d5580000)
  object space 68608K, 80% used [0x0000000080000000,0x00000000835f6998,0x0000000084300000)
 Metaspace       used 69915K, committed 71360K, reserved 1114112K
  class space    used 8613K, committed 9216K, reserved 1048576K
}
Event: 77.124 GC heap before
{Heap before GC invocations=50 (full 3):
 PSYoungGen      total 22528K, used 22355K [0x00000000d5580000, 0x00000000d6e00000, 0x0000000100000000)
  eden space 20992K, 100% used [0x00000000d5580000,0x00000000d6a00000,0x00000000d6a00000)
  from space 1536K, 88% used [0x00000000d6c80000,0x00000000d6dd4c50,0x00000000d6e00000)
  to   space 1536K, 0% used [0x00000000d6b00000,0x00000000d6b00000,0x00000000d6c80000)
 ParOldGen       total 68608K, used 55258K [0x0000000080000000, 0x0000000084300000, 0x00000000d5580000)
  object space 68608K, 80% used [0x0000000080000000,0x00000000835f6998,0x0000000084300000)
 Metaspace       used 69915K, committed 71360K, reserved 1114112K
  class space    used 8613K, committed 9216K, reserved 1048576K
}
Event: 77.125 GC heap after
{Heap after GC invocations=50 (full 3):
 PSYoungGen      total 22528K, used 1247K [0x00000000d5580000, 0x00000000d6d00000, 0x0000000100000000)
  eden space 20992K, 0% used [0x00000000d5580000,0x00000000d5580000,0x00000000d6a00000)
  from space 1536K, 81% used [0x00000000d6b00000,0x00000000d6c37fe0,0x00000000d6c80000)
  to   space 512K, 0% used [0x00000000d6c80000,0x00000000d6c80000,0x00000000d6d00000)
 ParOldGen       total 68608K, used 55306K [0x0000000080000000, 0x0000000084300000, 0x00000000d5580000)
  object space 68608K, 80% used [0x0000000080000000,0x0000000083602998,0x0000000084300000)
 Metaspace       used 69915K, committed 71360K, reserved 1114112K
  class space    used 8613K, committed 9216K, reserved 1048576K
}
Event: 77.227 GC heap before
{Heap before GC invocations=51 (full 3):
 PSYoungGen      total 22528K, used 22239K [0x00000000d5580000, 0x00000000d6d00000, 0x0000000100000000)
  eden space 20992K, 100% used [0x00000000d5580000,0x00000000d6a00000,0x00000000d6a00000)
  from space 1536K, 81% used [0x00000000d6b00000,0x00000000d6c37fe0,0x00000000d6c80000)
  to   space 512K, 0% used [0x00000000d6c80000,0x00000000d6c80000,0x00000000d6d00000)
 ParOldGen       total 68608K, used 55306K [0x0000000080000000, 0x0000000084300000, 0x00000000d5580000)
  object space 68608K, 80% used [0x0000000080000000,0x0000000083602998,0x0000000084300000)
 Metaspace       used 69915K, committed 71360K, reserved 1114112K
  class space    used 8613K, committed 9216K, reserved 1048576K
}
Event: 77.229 GC heap after
{Heap after GC invocations=51 (full 3):
 PSYoungGen      total 21504K, used 496K [0x00000000d5580000, 0x00000000d6d00000, 0x0000000100000000)
  eden space 20992K, 0% used [0x00000000d5580000,0x00000000d5580000,0x00000000d6a00000)
  from space 512K, 96% used [0x00000000d6c80000,0x00000000d6cfc280,0x00000000d6d00000)
  to   space 1536K, 0% used [0x00000000d6a00000,0x00000000d6a00000,0x00000000d6b80000)
 ParOldGen       total 68608K, used 55826K [0x0000000080000000, 0x0000000084300000, 0x00000000d5580000)
  object space 68608K, 81% used [0x0000000080000000,0x0000000083684ae8,0x0000000084300000)
 Metaspace       used 69915K, committed 71360K, reserved 1114112K
  class space    used 8613K, committed 9216K, reserved 1048576K
}
Event: 77.320 GC heap before
{Heap before GC invocations=52 (full 3):
 PSYoungGen      total 21504K, used 21488K [0x00000000d5580000, 0x00000000d6d00000, 0x0000000100000000)
  eden space 20992K, 100% used [0x00000000d5580000,0x00000000d6a00000,0x00000000d6a00000)
  from space 512K, 96% used [0x00000000d6c80000,0x00000000d6cfc280,0x00000000d6d00000)
  to   space 1536K, 0% used [0x00000000d6a00000,0x00000000d6a00000,0x00000000d6b80000)
 ParOldGen       total 68608K, used 55826K [0x0000000080000000, 0x0000000084300000, 0x00000000d5580000)
  object space 68608K, 81% used [0x0000000080000000,0x0000000083684ae8,0x0000000084300000)
 Metaspace       used 69915K, committed 71360K, reserved 1114112K
  class space    used 8613K, committed 9216K, reserved 1048576K
}
Event: 77.321 GC heap after
{Heap after GC invocations=52 (full 3):
 PSYoungGen      total 22528K, used 935K [0x00000000d5580000, 0x00000000d6d00000, 0x0000000100000000)
  eden space 20992K, 0% used [0x00000000d5580000,0x00000000d5580000,0x00000000d6a00000)
  from space 1536K, 60% used [0x00000000d6a00000,0x00000000d6ae9d58,0x00000000d6b80000)
  to   space 1024K, 0% used [0x00000000d6c00000,0x00000000d6c00000,0x00000000d6d00000)
 ParOldGen       total 68608K, used 55842K [0x0000000080000000, 0x0000000084300000, 0x00000000d5580000)
  object space 68608K, 81% used [0x0000000080000000,0x0000000083688ae8,0x0000000084300000)
 Metaspace       used 69915K, committed 71360K, reserved 1114112K
  class space    used 8613K, committed 9216K, reserved 1048576K
}
Event: 77.459 GC heap before
{Heap before GC invocations=53 (full 3):
 PSYoungGen      total 22528K, used 21927K [0x00000000d5580000, 0x00000000d6d00000, 0x0000000100000000)
  eden space 20992K, 100% used [0x00000000d5580000,0x00000000d6a00000,0x00000000d6a00000)
  from space 1536K, 60% used [0x00000000d6a00000,0x00000000d6ae9d58,0x00000000d6b80000)
  to   space 1024K, 0% used [0x00000000d6c00000,0x00000000d6c00000,0x00000000d6d00000)
 ParOldGen       total 68608K, used 55842K [0x0000000080000000, 0x0000000084300000, 0x00000000d5580000)
  object space 68608K, 81% used [0x0000000080000000,0x0000000083688ae8,0x0000000084300000)
 Metaspace       used 70690K, committed 72128K, reserved 1114112K
  class space    used 8735K, committed 9344K, reserved 1048576K
}
Event: 77.459 GC heap after
{Heap after GC invocations=53 (full 3):
 PSYoungGen      total 21504K, used 352K [0x00000000d5580000, 0x00000000d6c80000, 0x0000000100000000)
  eden space 20992K, 0% used [0x00000000d5580000,0x00000000d5580000,0x00000000d6a00000)
  from space 512K, 68% used [0x00000000d6c00000,0x00000000d6c58000,0x00000000d6c80000)
  to   space 1024K, 0% used [0x00000000d6a80000,0x00000000d6a80000,0x00000000d6b80000)
 ParOldGen       total 68608K, used 55914K [0x0000000080000000, 0x0000000084300000, 0x00000000d5580000)
  object space 68608K, 81% used [0x0000000080000000,0x000000008369aae8,0x0000000084300000)
 Metaspace       used 70690K, committed 72128K, reserved 1114112K
  class space    used 8735K, committed 9344K, reserved 1048576K
}

Dll operation events (15 events):
Event: 0.022 Loaded shared library c:\Users\olive\.vscode\extensions\redhat.java-1.53.0-win32-x64\jre\21.0.10-win32-x86_64\bin\java.dll
Event: 0.136 Loaded shared library c:\Users\olive\.vscode\extensions\redhat.java-1.53.0-win32-x64\jre\21.0.10-win32-x86_64\bin\zip.dll
Event: 0.170 Loaded shared library C:\Users\olive\.vscode\extensions\redhat.java-1.53.0-win32-x64\jre\21.0.10-win32-x86_64\bin\instrument.dll
Event: 0.179 Loaded shared library C:\Users\olive\.vscode\extensions\redhat.java-1.53.0-win32-x64\jre\21.0.10-win32-x86_64\bin\net.dll
Event: 0.184 Loaded shared library C:\Users\olive\.vscode\extensions\redhat.java-1.53.0-win32-x64\jre\21.0.10-win32-x86_64\bin\nio.dll
Event: 0.189 Loaded shared library C:\Users\olive\.vscode\extensions\redhat.java-1.53.0-win32-x64\jre\21.0.10-win32-x86_64\bin\zip.dll
Event: 0.218 Loaded shared library C:\Users\olive\.vscode\extensions\redhat.java-1.53.0-win32-x64\jre\21.0.10-win32-x86_64\bin\jimage.dll
Event: 0.313 Loaded shared library c:\Users\olive\.vscode\extensions\redhat.java-1.53.0-win32-x64\jre\21.0.10-win32-x86_64\bin\verify.dll
Event: 1.954 Loaded shared library C:\Users\olive\AppData\Roaming\Code\User\globalStorage\redhat.java\1.53.0\config_win\org.eclipse.equinox.launcher\org.eclipse.equinox.launcher.win32.win32.x86_64_1.3.0.v20260203-2149\eclipse_11919.dll
Event: 4.278 Loaded shared library C:\Users\olive\AppData\Local\Temp\jna-105832923\jna15170969238648759615.dll
Event: 71.866 Loaded shared library C:\Users\olive\.gradle\native\c067742578af261105cb4f569cf0c3c89f3d7b1fecec35dd04571415982c5e48\windows-amd64\native-platform.dll
Event: 72.814 Loaded shared library C:\Users\olive\.vscode\extensions\redhat.java-1.53.0-win32-x64\jre\21.0.10-win32-x86_64\bin\management.dll
Event: 72.817 Loaded shared library C:\Users\olive\.vscode\extensions\redhat.java-1.53.0-win32-x64\jre\21.0.10-win32-x86_64\bin\management_ext.dll
Event: 77.444 Loaded shared library C:\Users\olive\.vscode\extensions\redhat.java-1.53.0-win32-x64\jre\21.0.10-win32-x86_64\bin\extnet.dll
Event: 79.991 Loaded shared library C:\Users\olive\.vscode\extensions\redhat.java-1.53.0-win32-x64\jre\21.0.10-win32-x86_64\bin\sunmscapi.dll

Deoptimization events (20 events):
Event: 90.004 Thread 0x0000020a10903050 DEOPT PACKING pc=0x00000209bc58cd40 sp=0x000000d656ffd290
Event: 90.004 Thread 0x0000020a10903050 DEOPT UNPACKING pc=0x00000209bbb63aa2 sp=0x000000d656ffd100 mode 2
Event: 90.686 Thread 0x0000020a10903050 Uncommon trap: trap_request=0xffffff45 fr.pc=0x00000209bc5a02ac relative=0x0000000000000b2c
Event: 90.686 Thread 0x0000020a10903050 Uncommon trap: reason=unstable_if action=reinterpret pc=0x00000209bc5a02ac method=com.esotericsoftware.kryo.io.Input.read([BII)I @ 64 c2
Event: 90.686 Thread 0x0000020a10903050 DEOPT PACKING pc=0x00000209bc5a02ac sp=0x000000d656ffcf20
Event: 90.686 Thread 0x0000020a10903050 DEOPT UNPACKING pc=0x00000209bbb63aa2 sp=0x000000d656ffcc88 mode 2
Event: 90.687 Thread 0x0000020a10903050 Uncommon trap: trap_request=0xffffff45 fr.pc=0x00000209bc58d4c4 relative=0x0000000000000184
Event: 90.687 Thread 0x0000020a10903050 Uncommon trap: reason=unstable_if action=reinterpret pc=0x00000209bc58d4c4 method=com.esotericsoftware.kryo.io.Input.read([BII)I @ 64 c2
Event: 90.687 Thread 0x0000020a10903050 DEOPT PACKING pc=0x00000209bc58d4c4 sp=0x000000d656ffd5c0
Event: 90.687 Thread 0x0000020a10903050 DEOPT UNPACKING pc=0x00000209bbb63aa2 sp=0x000000d656ffd480 mode 2
Event: 90.687 Thread 0x0000020a10903050 Uncommon trap: trap_request=0xffffff45 fr.pc=0x00000209bc589fd4 relative=0x0000000000000134
Event: 90.687 Thread 0x0000020a10903050 Uncommon trap: reason=unstable_if action=reinterpret pc=0x00000209bc589fd4 method=com.esotericsoftware.kryo.io.Input.read([BII)I @ 64 c2
Event: 90.687 Thread 0x0000020a10903050 DEOPT PACKING pc=0x00000209bc589fd4 sp=0x000000d656ffd780
Event: 90.687 Thread 0x0000020a10903050 DEOPT UNPACKING pc=0x00000209bbb63aa2 sp=0x000000d656ffd6d8 mode 2
Event: 91.812 Thread 0x0000020a10903050 DEOPT PACKING pc=0x00000209b4be8bb9 sp=0x000000d656ffcf50
Event: 91.812 Thread 0x0000020a10903050 DEOPT UNPACKING pc=0x00000209bbb64242 sp=0x000000d656ffc3e8 mode 0
Event: 91.818 Thread 0x0000020a10903050 Uncommon trap: trap_request=0xffffff45 fr.pc=0x00000209bc5902ec relative=0x000000000000018c
Event: 91.818 Thread 0x0000020a10903050 Uncommon trap: reason=unstable_if action=reinterpret pc=0x00000209bc5902ec method=java.io.ObjectInputStream$BlockDataInputStream.read()I @ 4 c2
Event: 91.818 Thread 0x0000020a10903050 DEOPT PACKING pc=0x00000209bc5902ec sp=0x000000d656ffc380
Event: 91.818 Thread 0x0000020a10903050 DEOPT UNPACKING pc=0x00000209bbb63aa2 sp=0x000000d656ffc358 mode 2

Classes loaded (20 events):
Event: 80.012 Loading class java/lang/invoke/ConstantBootstraps
Event: 80.012 Loading class java/lang/invoke/ConstantBootstraps done
Event: 80.032 Loading class java/io/ObjectStreamClass$1
Event: 80.032 Loading class java/io/ObjectStreamClass$1 done
Event: 80.032 Loading class java/io/ObjectStreamClass$MemberSignature
Event: 80.032 Loading class java/io/ObjectStreamClass$MemberSignature done
Event: 80.032 Loading class java/io/ObjectStreamClass$3
Event: 80.032 Loading class java/io/ObjectStreamClass$3 done
Event: 80.033 Loading class java/io/ObjectStreamClass$4
Event: 80.033 Loading class java/io/ObjectStreamClass$4 done
Event: 80.033 Loading class java/io/ObjectStreamClass$5
Event: 80.033 Loading class java/io/ObjectStreamClass$5 done
Event: 80.037 Loading class java/net/Proxy
Event: 80.037 Loading class java/net/Proxy done
Event: 80.040 Loading class java/nio/channels/spi/AbstractSelector$1
Event: 80.041 Loading class java/nio/channels/spi/AbstractSelector$1 done
Event: 81.002 Loading class java/lang/UnsupportedClassVersionError
Event: 81.002 Loading class java/lang/UnsupportedClassVersionError done
Event: 91.818 Loading class java/time/Ser
Event: 91.818 Loading class java/time/Ser done

Classes unloaded (13 events):
Event: 4.984 Thread 0x00000209c7e73720 Unloading class 0x00000209c91ab400 'java/lang/invoke/LambdaForm$MH+0x00000209c91ab400'
Event: 4.984 Thread 0x00000209c7e73720 Unloading class 0x00000209c91ab000 'java/lang/invoke/LambdaForm$MH+0x00000209c91ab000'
Event: 4.984 Thread 0x00000209c7e73720 Unloading class 0x00000209c91aac00 'java/lang/invoke/LambdaForm$MH+0x00000209c91aac00'
Event: 4.984 Thread 0x00000209c7e73720 Unloading class 0x00000209c91aa800 'java/lang/invoke/LambdaForm$MH+0x00000209c91aa800'
Event: 4.984 Thread 0x00000209c7e73720 Unloading class 0x00000209c91aa400 'java/lang/invoke/LambdaForm$BMH+0x00000209c91aa400'
Event: 4.984 Thread 0x00000209c7e73720 Unloading class 0x00000209c91aa000 'java/lang/invoke/LambdaForm$DMH+0x00000209c91aa000'
Event: 4.984 Thread 0x00000209c7e73720 Unloading class 0x00000209c91a8c00 'java/lang/invoke/LambdaForm$DMH+0x00000209c91a8c00'
Event: 6.702 Thread 0x00000209c7e73720 Unloading class 0x00000209c933bc00 'java/lang/invoke/LambdaForm$MH+0x00000209c933bc00'
Event: 6.702 Thread 0x00000209c7e73720 Unloading class 0x00000209c933b000 'java/lang/invoke/LambdaForm$MH+0x00000209c933b000'
Event: 6.702 Thread 0x00000209c7e73720 Unloading class 0x00000209c933a800 'java/lang/invoke/LambdaForm$MH+0x00000209c933a800'
Event: 6.702 Thread 0x00000209c7e73720 Unloading class 0x00000209c933a000 'java/lang/invoke/LambdaForm$MH+0x00000209c933a000'
Event: 6.702 Thread 0x00000209c7e73720 Unloading class 0x00000209c9339c00 'java/lang/invoke/LambdaForm$DMH+0x00000209c9339c00'
Event: 6.702 Thread 0x00000209c7e73720 Unloading class 0x00000209c9339000 'java/lang/invoke/LambdaForm$MH+0x00000209c9339000'

Classes redefined (0 events):
No events

Internal exceptions (20 events):
Event: 77.420 Thread 0x0000020a10903050 Exception <a 'java/lang/NoSuchMethodError'{0x00000000d66d1808}: 'long java.lang.invoke.DelegatingMethodHandle$Holder.reinvoke_L(java.lang.Object, java.lang.Object)'> (0x00000000d66d1808) 
thrown [s\src\hotspot\share\interpreter\linkResolver.cpp, line 773]
Event: 80.033 Thread 0x0000020a10903050 Exception <a 'java/lang/NoSuchMethodError'{0x00000000d5e61780}: static Lorg/gradle/tooling/internal/provider/serialization/ClassLoaderDetails;.<clinit>()V> (0x00000000d5e61780) 
thrown [s\src\hotspot\share\prims\jni.cpp, line 1111]
Event: 80.035 Thread 0x0000020a10903050 Exception <a 'java/lang/NoSuchMethodError'{0x00000000d5e84c30}: static Lorg/gradle/tooling/internal/provider/serialization/WellKnownClassLoaderRegistry$KnownClassLoaderSpec;.<clinit>()V> (0x00000000d5e84c30) 
thrown [s\src\hotspot\share\prims\jni.cpp, line 1111]
Event: 80.035 Thread 0x0000020a10903050 Exception <a 'java/lang/NoSuchMethodError'{0x00000000d5e864d8}: static Lorg/gradle/internal/classloader/ClassLoaderSpec;.<clinit>()V> (0x00000000d5e864d8) 
thrown [s\src\hotspot\share\prims\jni.cpp, line 1111]
Event: 80.036 Thread 0x0000020a10903050 Exception <a 'java/lang/NoSuchMethodError'{0x00000000d5ea3190}: static Lorg/gradle/tooling/internal/provider/serialization/ClientOwnedClassLoaderSpec;.<clinit>()V> (0x00000000d5ea3190) 
thrown [s\src\hotspot\share\prims\jni.cpp, line 1111]
Event: 81.004 Thread 0x0000020a10903050 Exception <a 'java/lang/NoSuchMethodError'{0x00000000d5f44648}: static Lorg/gradle/internal/build/event/types/AbstractProgressEvent;.<clinit>()V> (0x00000000d5f44648) 
thrown [s\src\hotspot\share\prims\jni.cpp, line 1111]
Event: 81.005 Thread 0x0000020a10903050 Exception <a 'java/lang/NoSuchMethodError'{0x00000000d5f522d0}: static Lorg/gradle/internal/build/event/types/DefaultOperationStartedProgressEvent;.<clinit>()V> (0x00000000d5f522d0) 
thrown [s\src\hotspot\share\prims\jni.cpp, line 1111]
Event: 81.007 Thread 0x0000020a10903050 Exception <a 'java/lang/NoSuchMethodError'{0x00000000d5f67fe0}: static Lorg/gradle/internal/build/event/types/DefaultOperationDescriptor;.<clinit>()V> (0x00000000d5f67fe0) 
thrown [s\src\hotspot\share\prims\jni.cpp, line 1111]
Event: 81.008 Thread 0x0000020a10903050 Exception <a 'java/lang/NoSuchMethodError'{0x00000000d5f76810}: static Lorg/gradle/internal/operations/OperationIdentifier;.<clinit>()V> (0x00000000d5f76810) 
thrown [s\src\hotspot\share\prims\jni.cpp, line 1111]
Event: 82.115 Thread 0x0000020a10903050 Exception <a 'java/lang/NoSuchMethodError'{0x00000000d5fcd630}: static Lorg/gradle/internal/build/event/types/DefaultOperationFinishedProgressEvent;.<clinit>()V> (0x00000000d5fcd630) 
thrown [s\src\hotspot\share\prims\jni.cpp, line 1111]
Event: 82.117 Thread 0x0000020a10903050 Exception <a 'java/lang/NoSuchMethodError'{0x00000000d5fe3d18}: static Lorg/gradle/internal/build/event/types/AbstractResult;.<clinit>()V> (0x00000000d5fe3d18) 
thrown [s\src\hotspot\share\prims\jni.cpp, line 1111]
Event: 82.119 Thread 0x0000020a10903050 Exception <a 'java/lang/NoSuchMethodError'{0x00000000d5ff1740}: static Lorg/gradle/internal/build/event/types/AbstractOperationResult;.<clinit>()V> (0x00000000d5ff1740) 
thrown [s\src\hotspot\share\prims\jni.cpp, line 1111]
Event: 82.120 Thread 0x0000020a10903050 Exception <a 'java/lang/NoSuchMethodError'{0x00000000d5fff9b0}: static Lorg/gradle/internal/build/event/types/DefaultSuccessResult;.<clinit>()V> (0x00000000d5fff9b0) 
thrown [s\src\hotspot\share\prims\jni.cpp, line 1111]
Event: 88.210 Thread 0x0000020a10903050 Exception <a 'java/lang/NoSuchMethodError'{0x00000000d61cb5b0}: static Lorg/gradle/internal/build/event/types/DefaultBuildPhaseDescriptor;.<clinit>()V> (0x00000000d61cb5b0) 
thrown [s\src\hotspot\share\prims\jni.cpp, line 1111]
Event: 88.868 Thread 0x0000020a10903050 Exception <a 'java/lang/NoSuchMethodError'{0x00000000d626b3f8}: static Lorg/gradle/internal/build/event/types/DefaultProjectConfigurationDescriptor;.<clinit>()V> (0x00000000d626b3f8) 
thrown [s\src\hotspot\share\prims\jni.cpp, line 1111]
Event: 91.811 Thread 0x0000020a10903050 Exception <a 'java/lang/NoSuchMethodError'{0x00000000d6694768}: static Lorg/gradle/internal/build/event/types/AbstractProjectConfigurationResult;.<clinit>()V> (0x00000000d6694768) 
thrown [s\src\hotspot\share\prims\jni.cpp, line 1111]
Event: 91.812 Thread 0x0000020a10903050 Exception <a 'java/lang/NoSuchMethodError'{0x00000000d66a3f10}: static Lorg/gradle/internal/build/event/types/DefaultProjectConfigurationSuccessResult;.<clinit>()V> (0x00000000d66a3f10) 
thrown [s\src\hotspot\share\prims\jni.cpp, line 1111]
Event: 91.815 Thread 0x0000020a10903050 Exception <a 'java/lang/NoSuchMethodError'{0x00000000d66bce38}: static Lorg/gradle/internal/build/event/types/DefaultPluginApplicationResult;.<clinit>()V> (0x00000000d66bce38) 
thrown [s\src\hotspot\share\prims\jni.cpp, line 1111]
Event: 91.817 Thread 0x0000020a10903050 Exception <a 'java/lang/NoSuchMethodError'{0x00000000d66d5a10}: static Lorg/gradle/internal/build/event/types/DefaultBinaryPluginIdentifier;.<clinit>()V> (0x00000000d66d5a10) 
thrown [s\src\hotspot\share\prims\jni.cpp, line 1111]
Event: 91.820 Thread 0x0000020a10903050 Exception <a 'java/lang/NoSuchMethodError'{0x00000000d66f5750}: static Lorg/gradle/internal/build/event/types/DefaultScriptPluginIdentifier;.<clinit>()V> (0x00000000d66f5750) 
thrown [s\src\hotspot\share\prims\jni.cpp, line 1111]

ZGC Phase Switch (0 events):
No events

VM Operations (20 events):
Event: 80.968 Executing safepoint VM operation: Cleanup
Event: 80.968 Executing safepoint VM operation: Cleanup done
Event: 81.969 Executing safepoint VM operation: Cleanup
Event: 81.969 Executing safepoint VM operation: Cleanup done
Event: 82.969 Executing safepoint VM operation: Cleanup
Event: 82.969 Executing safepoint VM operation: Cleanup done
Event: 83.969 Executing safepoint VM operation: Cleanup
Event: 83.969 Executing safepoint VM operation: Cleanup done
Event: 86.971 Executing safepoint VM operation: Cleanup
Event: 86.971 Executing safepoint VM operation: Cleanup done
Event: 87.972 Executing safepoint VM operation: Cleanup
Event: 87.972 Executing safepoint VM operation: Cleanup done
Event: 88.973 Executing safepoint VM operation: Cleanup
Event: 88.973 Executing safepoint VM operation: Cleanup done
Event: 89.973 Executing safepoint VM operation: Cleanup
Event: 89.973 Executing safepoint VM operation: Cleanup done
Event: 90.974 Executing safepoint VM operation: Cleanup
Event: 90.974 Executing safepoint VM operation: Cleanup done
Event: 91.976 Executing safepoint VM operation: Cleanup
Event: 91.976 Executing safepoint VM operation: Cleanup done

Memory protections (0 events):
No events

Nmethod flushes (20 events):
Event: 72.050 Thread 0x00000209c7e73720 flushing  nmethod 0x00000209b4e33890
Event: 72.050 Thread 0x00000209c7e73720 flushing  nmethod 0x00000209b4e3b410
Event: 72.050 Thread 0x00000209c7e73720 flushing  nmethod 0x00000209b4e45f10
Event: 72.050 Thread 0x00000209c7e73720 flushing  nmethod 0x00000209b4e4db90
Event: 72.050 Thread 0x00000209c7e73720 flushing  nmethod 0x00000209b4e8bf10
Event: 72.050 Thread 0x00000209c7e73720 flushing  nmethod 0x00000209b4e91e10
Event: 72.050 Thread 0x00000209c7e73720 flushing  nmethod 0x00000209b4e92510
Event: 72.050 Thread 0x00000209c7e73720 flushing  nmethod 0x00000209b4e92f90
Event: 72.050 Thread 0x00000209c7e73720 flushing  nmethod 0x00000209b4e93790
Event: 72.050 Thread 0x00000209c7e73720 flushing  nmethod 0x00000209b4e94290
Event: 72.050 Thread 0x00000209c7e73720 flushing  nmethod 0x00000209b4e94810
Event: 72.050 Thread 0x00000209c7e73720 flushing  nmethod 0x00000209b4e98410
Event: 72.050 Thread 0x00000209c7e73720 flushing  nmethod 0x00000209b4ea4290
Event: 72.050 Thread 0x00000209c7e73720 flushing  nmethod 0x00000209b4ea8790
Event: 72.050 Thread 0x00000209c7e73720 flushing  nmethod 0x00000209b4ea9990
Event: 72.050 Thread 0x00000209c7e73720 flushing  nmethod 0x00000209b4ea9f90
Event: 72.050 Thread 0x00000209c7e73720 flushing  nmethod 0x00000209b4eaa310
Event: 72.050 Thread 0x00000209c7e73720 flushing  nmethod 0x00000209b4eab610
Event: 72.050 Thread 0x00000209c7e73720 flushing  nmethod 0x00000209b4eb7e10
Event: 72.050 Thread 0x00000209c7e73720 flushing  nmethod 0x00000209b4eb9090

Events (20 events):
Event: 75.151 Thread 0x0000020a10900f80 Thread added: 0x0000020a12e2a4c0
Event: 75.277 Thread 0x0000020a10900f80 Thread added: 0x0000020a10903d70
Event: 75.281 Thread 0x0000020a10900f80 Thread added: 0x0000020a10902330
Event: 75.301 Thread 0x0000020a10902330 Thread exited: 0x0000020a10902330
Event: 75.302 Thread 0x0000020a10900f80 Thread added: 0x0000020a10902330
Event: 75.305 Thread 0x0000020a10900f80 Thread added: 0x0000020a10903050
Event: 76.019 Thread 0x0000020a1270c120 Thread exited: 0x0000020a1270c120
Event: 77.382 Thread 0x0000020a1270b380 Thread exited: 0x0000020a1270b380
Event: 77.430 Thread 0x0000020a10903050 Thread added: 0x0000020a124b9700
Event: 77.532 Thread 0x0000020a10903050 Thread added: 0x0000020a124b9d90
Event: 77.541 Thread 0x0000020a124b9d90 Thread added: 0x0000020a124ba420
Event: 77.541 Thread 0x0000020a124b9d90 Thread added: 0x0000020a124b8350
Event: 77.542 Thread 0x0000020a124ba420 Thread exited: 0x0000020a124ba420
Event: 77.547 Thread 0x00000209b149b920 Thread added: 0x0000020a1270ba50
Event: 78.031 Thread 0x0000020a1270ba50 Thread exited: 0x0000020a1270ba50
Event: 79.935 Thread 0x0000020a124b9d90 Thread exited: 0x0000020a124b9d90
Event: 79.935 Thread 0x0000020a124b8350 Thread exited: 0x0000020a124b8350
Event: 80.174 Thread 0x0000020a10903050 Thread added: 0x0000020a124b9d90
Event: 80.176 Thread 0x0000020a10903050 Thread added: 0x0000020a124ba420
Event: 80.178 Thread 0x0000020a124b9d90 Thread exited: 0x0000020a124b9d90


Dynamic libraries:
0x00007ff78df10000 - 0x00007ff78df1e000 	c:\Users\olive\.vscode\extensions\redhat.java-1.53.0-win32-x64\jre\21.0.10-win32-x86_64\bin\java.exe
0x00007ff9b7220000 - 0x00007ff9b7488000 	C:\WINDOWS\SYSTEM32\ntdll.dll
0x00007ff9b5f90000 - 0x00007ff9b6059000 	C:\WINDOWS\System32\KERNEL32.DLL
0x00007ff9b4720000 - 0x00007ff9b4b11000 	C:\WINDOWS\System32\KERNELBASE.dll
0x00007ff9b4b20000 - 0x00007ff9b4c6b000 	C:\WINDOWS\System32\ucrtbase.dll
0x00007ff9a3500000 - 0x00007ff9a351e000 	c:\Users\olive\.vscode\extensions\redhat.java-1.53.0-win32-x64\jre\21.0.10-win32-x86_64\bin\VCRUNTIME140.dll
0x00007ff9978f0000 - 0x00007ff997908000 	c:\Users\olive\.vscode\extensions\redhat.java-1.53.0-win32-x64\jre\21.0.10-win32-x86_64\bin\jli.dll
0x00007ff9b6060000 - 0x00007ff9b6226000 	C:\WINDOWS\System32\USER32.dll
0x00007ff9b46f0000 - 0x00007ff9b4717000 	C:\WINDOWS\System32\win32u.dll
0x00007ff99d8d0000 - 0x00007ff99db63000 	C:\WINDOWS\WinSxS\amd64_microsoft.windows.common-controls_6595b64144ccf1df_6.0.26100.7824_none_3e0870b2e3345462\COMCTL32.dll
0x00007ff9b67f0000 - 0x00007ff9b681b000 	C:\WINDOWS\System32\GDI32.dll
0x00007ff9b5000000 - 0x00007ff9b50a9000 	C:\WINDOWS\System32\msvcrt.dll
0x00007ff9b4de0000 - 0x00007ff9b4f0b000 	C:\WINDOWS\System32\gdi32full.dll
0x00007ff9b4f10000 - 0x00007ff9b4fb3000 	C:\WINDOWS\System32\msvcp_win.dll
0x00007ff9b5a10000 - 0x00007ff9b5a41000 	C:\WINDOWS\System32\IMM32.DLL
0x00007ff9acd50000 - 0x00007ff9acd5c000 	c:\Users\olive\.vscode\extensions\redhat.java-1.53.0-win32-x64\jre\21.0.10-win32-x86_64\bin\vcruntime140_1.dll
0x00007ff975420000 - 0x00007ff9754ad000 	c:\Users\olive\.vscode\extensions\redhat.java-1.53.0-win32-x64\jre\21.0.10-win32-x86_64\bin\msvcp140.dll
0x00007ff90cf10000 - 0x00007ff90dcb1000 	c:\Users\olive\.vscode\extensions\redhat.java-1.53.0-win32-x64\jre\21.0.10-win32-x86_64\bin\server\jvm.dll
0x00007ff9b6730000 - 0x00007ff9b67e4000 	C:\WINDOWS\System32\ADVAPI32.dll
0x00007ff9b65f0000 - 0x00007ff9b6696000 	C:\WINDOWS\System32\sechost.dll
0x00007ff9b5ab0000 - 0x00007ff9b5bc8000 	C:\WINDOWS\System32\RPCRT4.dll
0x00007ff9b6820000 - 0x00007ff9b6894000 	C:\WINDOWS\System32\WS2_32.dll
0x00007ff9a9cd0000 - 0x00007ff9a9d05000 	C:\WINDOWS\SYSTEM32\WINMM.dll
0x00007ff9b3960000 - 0x00007ff9b39be000 	C:\WINDOWS\SYSTEM32\POWRPROF.dll
0x00007ff9ac2c0000 - 0x00007ff9ac2cb000 	C:\WINDOWS\SYSTEM32\VERSION.dll
0x00007ff9b3940000 - 0x00007ff9b3954000 	C:\WINDOWS\SYSTEM32\UMPDC.dll
0x00007ff9b28a0000 - 0x00007ff9b28bb000 	C:\WINDOWS\SYSTEM32\kernel.appcore.dll
0x00007ff99cbf0000 - 0x00007ff99cbfa000 	c:\Users\olive\.vscode\extensions\redhat.java-1.53.0-win32-x64\jre\21.0.10-win32-x86_64\bin\jimage.dll
0x00007ff9b17a0000 - 0x00007ff9b19e2000 	C:\WINDOWS\SYSTEM32\DBGHELP.DLL
0x00007ff9b5c00000 - 0x00007ff9b5f86000 	C:\WINDOWS\System32\combase.dll
0x00007ff9b7000000 - 0x00007ff9b70d7000 	C:\WINDOWS\System32\OLEAUT32.dll
0x00007ff991f50000 - 0x00007ff991f8b000 	C:\WINDOWS\SYSTEM32\dbgcore.DLL
0x00007ff9b4640000 - 0x00007ff9b46e5000 	C:\WINDOWS\System32\bcryptPrimitives.dll
0x00007ff9918c0000 - 0x00007ff9918cf000 	c:\Users\olive\.vscode\extensions\redhat.java-1.53.0-win32-x64\jre\21.0.10-win32-x86_64\bin\instrument.dll
0x00007ff9978d0000 - 0x00007ff9978f0000 	c:\Users\olive\.vscode\extensions\redhat.java-1.53.0-win32-x64\jre\21.0.10-win32-x86_64\bin\java.dll
0x00007ff9b68a0000 - 0x00007ff9b6ff2000 	C:\WINDOWS\System32\SHELL32.dll
0x00007ff9b4c70000 - 0x00007ff9b4dda000 	C:\WINDOWS\System32\wintypes.dll
0x00007ff9b3b90000 - 0x00007ff9b43f3000 	C:\WINDOWS\System32\windows.storage.dll
0x00007ff9b70e0000 - 0x00007ff9b71d6000 	C:\WINDOWS\System32\SHCORE.dll
0x00007ff9b58e0000 - 0x00007ff9b5947000 	C:\WINDOWS\System32\shlwapi.dll
0x00007ff9b3a20000 - 0x00007ff9b3a49000 	C:\WINDOWS\SYSTEM32\profapi.dll
0x00007ff9978b0000 - 0x00007ff9978c8000 	c:\Users\olive\.vscode\extensions\redhat.java-1.53.0-win32-x64\jre\21.0.10-win32-x86_64\bin\zip.dll
0x00007ff9918b0000 - 0x00007ff9918c0000 	C:\Users\olive\.vscode\extensions\redhat.java-1.53.0-win32-x64\jre\21.0.10-win32-x86_64\bin\net.dll
0x00007ff9ace80000 - 0x00007ff9acfa7000 	C:\WINDOWS\SYSTEM32\WINHTTP.dll
0x00007ff9b2e10000 - 0x00007ff9b2e7b000 	C:\WINDOWS\system32\mswsock.dll
0x00007ff990870000 - 0x00007ff990886000 	C:\Users\olive\.vscode\extensions\redhat.java-1.53.0-win32-x64\jre\21.0.10-win32-x86_64\bin\nio.dll
0x00007ff98b700000 - 0x00007ff98b710000 	c:\Users\olive\.vscode\extensions\redhat.java-1.53.0-win32-x64\jre\21.0.10-win32-x86_64\bin\verify.dll
0x00007ff98a260000 - 0x00007ff98a2a5000 	C:\Users\olive\AppData\Roaming\Code\User\globalStorage\redhat.java\1.53.0\config_win\org.eclipse.equinox.launcher\org.eclipse.equinox.launcher.win32.win32.x86_64_1.3.0.v20260203-2149\eclipse_11919.dll
0x00007ff9b5550000 - 0x00007ff9b56e7000 	C:\WINDOWS\System32\ole32.dll
0x00007ff9b30e0000 - 0x00007ff9b30fb000 	C:\WINDOWS\SYSTEM32\CRYPTSP.dll
0x00007ff9b2800000 - 0x00007ff9b2839000 	C:\WINDOWS\system32\rsaenh.dll
0x00007ff9b2ec0000 - 0x00007ff9b2eeb000 	C:\WINDOWS\SYSTEM32\USERENV.dll
0x00007ff9b39f0000 - 0x00007ff9b3a1a000 	C:\WINDOWS\SYSTEM32\bcrypt.dll
0x00007ff9b3100000 - 0x00007ff9b310c000 	C:\WINDOWS\SYSTEM32\CRYPTBASE.dll
0x00007ff9b22d0000 - 0x00007ff9b2304000 	C:\WINDOWS\SYSTEM32\IPHLPAPI.DLL
0x00007ff9b4ff0000 - 0x00007ff9b4ffa000 	C:\WINDOWS\System32\NSI.dll
0x00007ff97f440000 - 0x00007ff97f489000 	C:\Users\olive\AppData\Local\Temp\jna-105832923\jna15170969238648759615.dll
0x00007ff9b5540000 - 0x00007ff9b5548000 	C:\WINDOWS\System32\PSAPI.DLL
0x00007ff9ae270000 - 0x00007ff9ae28e000 	C:\WINDOWS\SYSTEM32\dhcpcsvc6.DLL
0x00007ff9ae240000 - 0x00007ff9ae263000 	C:\WINDOWS\SYSTEM32\dhcpcsvc.DLL
0x00007ff9908a0000 - 0x00007ff9908c7000 	C:\Users\olive\.gradle\native\c067742578af261105cb4f569cf0c3c89f3d7b1fecec35dd04571415982c5e48\windows-amd64\native-platform.dll
0x00007ff98b6f0000 - 0x00007ff98b6fa000 	C:\Users\olive\.vscode\extensions\redhat.java-1.53.0-win32-x64\jre\21.0.10-win32-x86_64\bin\management.dll
0x00007ff98b6e0000 - 0x00007ff98b6ec000 	C:\Users\olive\.vscode\extensions\redhat.java-1.53.0-win32-x64\jre\21.0.10-win32-x86_64\bin\management_ext.dll
0x00007ff98b6c0000 - 0x00007ff98b6c9000 	C:\Users\olive\.vscode\extensions\redhat.java-1.53.0-win32-x64\jre\21.0.10-win32-x86_64\bin\extnet.dll
0x00007ff98b6d0000 - 0x00007ff98b6de000 	C:\Users\olive\.vscode\extensions\redhat.java-1.53.0-win32-x64\jre\21.0.10-win32-x86_64\bin\sunmscapi.dll
0x00007ff9b4400000 - 0x00007ff9b4577000 	C:\WINDOWS\System32\CRYPT32.dll
0x00007ff9b3300000 - 0x00007ff9b3330000 	C:\WINDOWS\SYSTEM32\ncrypt.dll
0x00007ff9b32b0000 - 0x00007ff9b32ef000 	C:\WINDOWS\SYSTEM32\NTASN1.dll
0x00007ff99b4f0000 - 0x00007ff99b4f8000 	C:\WINDOWS\system32\wshunix.dll

JVMTI agents:
c:\Users\olive\.vscode\extensions\redhat.java-1.53.0-win32-x64\lombok\lombok-1.18.39-4050.jar path:c:\Users\olive\.vscode\extensions\redhat.java-1.53.0-win32-x64\jre\21.0.10-win32-x86_64\bin\instrument.dll, loaded, initialized, instrumentlib options:none

dbghelp: loaded successfully - version: 4.0.5 - missing functions: none
symbol engine: initialized successfully - sym options: 0x614 - pdb path: .;c:\Users\olive\.vscode\extensions\redhat.java-1.53.0-win32-x64\jre\21.0.10-win32-x86_64\bin;C:\WINDOWS\SYSTEM32;C:\WINDOWS\WinSxS\amd64_microsoft.windows.common-controls_6595b64144ccf1df_6.0.26100.7824_none_3e0870b2e3345462;c:\Users\olive\.vscode\extensions\redhat.java-1.53.0-win32-x64\jre\21.0.10-win32-x86_64\bin\server;C:\Users\olive\AppData\Roaming\Code\User\globalStorage\redhat.java\1.53.0\config_win\org.eclipse.equinox.launcher\org.eclipse.equinox.launcher.win32.win32.x86_64_1.3.0.v20260203-2149;C:\Users\olive\AppData\Local\Temp\jna-105832923;C:\Users\olive\.gradle\native\c067742578af261105cb4f569cf0c3c89f3d7b1fecec35dd04571415982c5e48\windows-amd64

VM Arguments:
jvm_args: --add-modules=ALL-SYSTEM --add-opens=java.base/java.util=ALL-UNNAMED --add-opens=java.base/java.lang=ALL-UNNAMED --add-opens=java.base/sun.nio.fs=ALL-UNNAMED -Declipse.application=org.eclipse.jdt.ls.core.id1 -Dosgi.bundles.defaultStartLevel=4 -Declipse.product=org.eclipse.jdt.ls.core.product -Djava.import.generatesMetadataFilesAtProjectRoot=false -DDetectVMInstallationsJob.disabled=true -Dfile.encoding=utf8 -XX:+UseParallelGC -XX:GCTimeRatio=4 -XX:AdaptiveSizePolicyWeight=90 -Dsun.zip.disableMemoryMapping=true -Xmx2G -Xms100m -Xlog:disable -javaagent:c:\Users\olive\.vscode\extensions\redhat.java-1.53.0-win32-x64\lombok\lombok-1.18.39-4050.jar -XX:+HeapDumpOnOutOfMemoryError -XX:HeapDumpPath=c:\Users\olive\AppData\Roaming\Code\User\workspaceStorage\e2f2a138103fb4953515a920a537e255\redhat.java -Daether.dependencyCollector.impl=bf 
java_command: c:\Users\olive\.vscode\extensions\redhat.java-1.53.0-win32-x64\server\plugins\org.eclipse.equinox.launcher_1.7.100.v20251111-0406.jar -configuration c:\Users\olive\AppData\Roaming\Code\User\globalStorage\redhat.java\1.53.0\config_win -data c:\Users\olive\AppData\Roaming\Code\User\workspaceStorage\e2f2a138103fb4953515a920a537e255\redhat.java\jdt_ws --pipe=\\.\pipe\lsp-74760bc126becffd16873376d241c463-sock
java_class_path (initial): c:\Users\olive\.vscode\extensions\redhat.java-1.53.0-win32-x64\server\plugins\org.eclipse.equinox.launcher_1.7.100.v20251111-0406.jar
Launcher Type: SUN_STANDARD

[Global flags]
    uintx AdaptiveSizePolicyWeight                 = 90                                        {product} {command line}
     intx CICompilerCount                          = 4                                         {product} {ergonomic}
    uintx GCTimeRatio                              = 4                                         {product} {command line}
     bool HeapDumpOnOutOfMemoryError               = true                                   {manageable} {command line}
    ccstr HeapDumpPath                             = c:\Users\olive\AppData\Roaming\Code\User\workspaceStorage\e2f2a138103fb4953515a920a537e255\redhat.java         {manageable} {command line}
   size_t InitialHeapSize                          = 104857600                                 {product} {command line}
   size_t MaxHeapSize                              = 2147483648                                {product} {command line}
   size_t MaxNewSize                               = 715653120                                 {product} {ergonomic}
   size_t MinHeapDeltaBytes                        = 524288                                    {product} {ergonomic}
   size_t MinHeapSize                              = 104857600                                 {product} {command line}
   size_t NewSize                                  = 34603008                                  {product} {ergonomic}
    uintx NonNMethodCodeHeapSize                   = 5839372                                {pd product} {ergonomic}
    uintx NonProfiledCodeHeapSize                  = 122909434                              {pd product} {ergonomic}
   size_t OldSize                                  = 70254592                                  {product} {ergonomic}
    uintx ProfiledCodeHeapSize                     = 122909434                              {pd product} {ergonomic}
    uintx ReservedCodeCacheSize                    = 251658240                              {pd product} {ergonomic}
     bool SegmentedCodeCache                       = true                                      {product} {ergonomic}
   size_t SoftMaxHeapSize                          = 2147483648                             {manageable} {ergonomic}
     bool UseCompressedOops                        = true                           {product lp64_product} {ergonomic}
     bool UseLargePagesIndividualAllocation        = false                                  {pd product} {ergonomic}
     bool UseParallelGC                            = true                                      {product} {command line}

Logging:
Log output configuration:
 #0: stdout all=off uptime,level,tags foldmultilines=false
 #1: stderr all=off uptime,level,tags foldmultilines=false

Release file:
JAVA_VERSION="21.0.10" 
MODULES="java.base java.compiler java.datatransfer java.xml java.prefs java.desktop java.instrument java.logging java.management java.security.sasl java.naming java.rmi java.management.rmi java.net.http java.scripting java.security.jgss java.transaction.xa java.sql java.sql.rowset java.xml.crypto java.se java.smartcardio jdk.accessibility jdk.internal.jvmstat jdk.attach jdk.charsets jdk.internal.opt jdk.zipfs jdk.compiler jdk.crypto.ec jdk.crypto.cryptoki jdk.crypto.mscapi jdk.dynalink jdk.internal.ed jdk.editpad jdk.hotspot.agent jdk.httpserver jdk.internal.le jdk.internal.vm.ci jdk.internal.vm.compiler jdk.internal.vm.compiler.management jdk.jartool jdk.javadoc jdk.jcmd jdk.management jdk.management.agent jdk.jconsole jdk.jdeps jdk.jdwp.agent jdk.jdi jdk.jfr jdk.jshell jdk.jsobject jdk.jstatd jdk.localedata jdk.management.jfr jdk.naming.dns jdk.naming.rmi jdk.net jdk.nio.mapmode jdk.random jdk.sctp jdk.security.auth jdk.security.jgss jdk.unsupported jdk.unsupported.desktop jdk.xml.dom" 

Environment Variables:
PATH=C:\Windows\system32;C:\Windows;C:\Windows\System32\Wbem;C:\Windows\System32\WindowsPowerShell\v1.0\;C:\Windows\System32\OpenSSH\;C:\Program Files (x86)\NVIDIA Corporation\PhysX\Common;C:\WINDOWS\system32;C:\WINDOWS;C:\WINDOWS\System32\Wbem;C:\WINDOWS\System32\WindowsPowerShell\v1.0\;C:\WINDOWS\System32\OpenSSH\;C:\Program Files\dotnet\;C:\Program Files\NVIDIA Corporation\NVIDIA App\NvDLISR;C:\Program Files\Git\cmd;C:\Program Files\nodejs\;C:\Program Files\Cloudflare\Cloudflare WARP\;C:\Users\olive\AppData\Local\Programs\Eclipse Adoptium\jdk-25.0.1.8-hotspot\bin;C:\Users\olive\AppData\Local\Microsoft\WindowsApps;C:\Users\olive\AppData\Local\Programs\Microsoft VS Code\bin;C:\Users\olive\AppData\Roaming\npm;C:\Users\olive\AppData\Local\PowerToys\DSCModules\;C:\ghcup\bin;C:\Program Files\JetBrains\IntelliJ IDEA 2025.3.1.1\bin
USERNAME=olive
OS=Windows_NT
PROCESSOR_IDENTIFIER=AMD64 Family 23 Model 96 Stepping 1, AuthenticAMD
TMP=C:\Users\olive\AppData\Local\Temp
TEMP=C:\Users\olive\AppData\Local\Temp




Periodic native trim disabled

---------------  S Y S T E M  ---------------

OS:
 Windows 11 , 64 bit Build 26100 (10.0.26100.7705)
OS uptime: 3 days 7:15 hours
Hyper-V role detected

CPU: total 12 (initial active 12) (12 cores per cpu, 2 threads per core) family 23 model 96 stepping 1 microcode 0x8600106, cx8, cmov, fxsr, ht, mmx, 3dnowpref, sse, sse2, sse3, ssse3, sse4a, sse4.1, sse4.2, popcnt, lzcnt, tsc, tscinvbit, avx, avx2, aes, clmul, bmi1, bmi2, adx, sha, fma, vzeroupper, clflush, clflushopt, hv, rdtscp, rdpid, f16c
Processor Information for the first 12 processors :
  Max Mhz: 3001, Current Mhz: 3001, Mhz Limit: 3001

Memory: 4k page, system-wide physical 7598M (495M free)
TotalPageFile size 31150M (AvailPageFile size 10M)
current process WorkingSet (physical memory assigned to process): 288M, peak: 302M
current process commit charge ("private bytes"): 378M, peak: 390M

vm_info: OpenJDK 64-Bit Server VM (21.0.10+7-LTS) for windows-amd64 JRE (21.0.10+7-LTS), built on 2026-01-20T00:00:00Z by "admin" with MS VC++ 17.12 (VS2022)

END.
