#
# There is insufficient memory for the Java Runtime Environment to continue.
# Native memory allocation (malloc) failed to allocate 1771280 bytes. Error detail: Chunk::new
# Possible reasons:
#   The system is out of physical RAM or swap space
#   This process is running with CompressedOops enabled, and the Java Heap may be blocking the growth of the native heap
# Possible solutions:
#   Reduce memory load on the system
#   Increase physical memory or swap space
#   Check if swap backing store is full
#   Decrease Java heap size (-Xmx/-Xms)
#   Decrease number of Java threads
#   Decrease Java thread stack sizes (-Xss)
#   Set larger code cache with -XX:ReservedCodeCacheSize=
#   JVM is running with Unscaled Compressed Oops mode in which the Java heap is
#     placed in the first 4GB address space. The Java Heap base address is the
#     maximum limit for the native heap growth. Please use -XX:HeapBaseMinAddress
#     to set the Java Heap base and to place the Java Heap above 4GB virtual address.
# This output file may be truncated or incomplete.
#
#  Out of Memory Error (arena.cpp:168), pid=26152, tid=37164
#
# JRE version: OpenJDK Runtime Environment Temurin-21.0.10+7 (21.0.10+7) (build 21.0.10+7-LTS)
# Java VM: OpenJDK 64-Bit Server VM Temurin-21.0.10+7 (21.0.10+7-LTS, mixed mode, sharing, tiered, compressed oops, compressed class ptrs, parallel gc, windows-amd64)
# No core dump will be written. Minidumps are not enabled by default on client versions of Windows
#

---------------  S U M M A R Y ------------

Command Line: --add-modules=ALL-SYSTEM --add-opens=java.base/java.util=ALL-UNNAMED --add-opens=java.base/java.lang=ALL-UNNAMED --add-opens=java.base/sun.nio.fs=ALL-UNNAMED -Declipse.application=org.eclipse.jdt.ls.core.id1 -Dosgi.bundles.defaultStartLevel=4 -Declipse.product=org.eclipse.jdt.ls.core.product -Djava.import.generatesMetadataFilesAtProjectRoot=false -DDetectVMInstallationsJob.disabled=true -Dfile.encoding=utf8 -XX:+UseParallelGC -XX:GCTimeRatio=4 -XX:AdaptiveSizePolicyWeight=90 -Dsun.zip.disableMemoryMapping=true -Xmx2G -Xms100m -Xlog:disable -javaagent:c:\Users\olive\.vscode\extensions\redhat.java-1.53.0-win32-x64\lombok\lombok-1.18.39-4050.jar -XX:+HeapDumpOnOutOfMemoryError -XX:HeapDumpPath=c:\Users\olive\AppData\Roaming\Code\User\workspaceStorage\e2f2a138103fb4953515a920a537e255\redhat.java -Daether.dependencyCollector.impl=bf c:\Users\olive\.vscode\extensions\redhat.java-1.53.0-win32-x64\server\plugins\org.eclipse.equinox.launcher_1.7.100.v20251111-0406.jar -configuration c:\Users\olive\AppData\Roaming\Code\User\globalStorage\redhat.java\1.53.0\config_win -data c:\Users\olive\AppData\Roaming\Code\User\workspaceStorage\e2f2a138103fb4953515a920a537e255\redhat.java\jdt_ws --pipe=\\.\pipe\lsp-ed982e2d7e8ddf8a06439188b8eea18d-sock

Host: AMD Ryzen 5 4600H with Radeon Graphics         , 12 cores, 7G,  Windows 11 , 64 bit Build 26100 (10.0.26100.7705)
Time: Fri Mar  6 16:25:14 2026 SA Western Standard Time elapsed time: 74.517828 seconds (0d 0h 1m 14s)

---------------  T H R E A D  ---------------

Current thread (0x0000024e60117d00):  JavaThread "C2 CompilerThread0" daemon [_thread_in_native, id=37164, stack(0x000000bd99b00000,0x000000bd99c00000) (1024K)]


Current CompileTask:
C2:74518 9372       4       java.lang.reflect.Field::get (39 bytes)

Stack: [0x000000bd99b00000,0x000000bd99c00000]
Native frames: (J=compiled Java code, j=interpreted, Vv=VM code, C=native code)
V  [jvm.dll+0x6d7a39]
V  [jvm.dll+0x8b4b26]
V  [jvm.dll+0x8b70de]
V  [jvm.dll+0x8b77c3]
V  [jvm.dll+0x284346]
V  [jvm.dll+0xc66ed]
V  [jvm.dll+0xc6c31]
V  [jvm.dll+0x3bec3b]
V  [jvm.dll+0x38b162]
V  [jvm.dll+0x38a5aa]
V  [jvm.dll+0x24c560]
V  [jvm.dll+0x24bb40]
V  [jvm.dll+0x1cb34e]
V  [jvm.dll+0x25b85d]
V  [jvm.dll+0x259dea]
V  [jvm.dll+0x3f857e]
V  [jvm.dll+0x85f59d]
V  [jvm.dll+0x6d626d]
C  [ucrtbase.dll+0x37b0]
C  [KERNEL32.DLL+0x2e8d7]
C  [ntdll.dll+0x8c40c]


---------------  P R O C E S S  ---------------

Threads class SMR info:
_java_thread_list=0x0000024e67dccb80, length=58, elements={
0x0000024e4775cca0, 0x0000024e600f0080, 0x0000024e600f5230, 0x0000024e600f9210,
0x0000024e600f98a0, 0x0000024e600f8b80, 0x0000024e600f7e60, 0x0000024e60117d00,
0x0000024e601383c0, 0x0000024e600f9f30, 0x0000024e600fa5c0, 0x0000024e600fac50,
0x0000024e600f77d0, 0x0000024e600f84f0, 0x0000024e6095c8e0, 0x0000024e6095b530,
0x0000024e6095c250, 0x0000024e6095cf70, 0x0000024e6095e320, 0x0000024e6095d600,
0x0000024e6095f040, 0x0000024e6095bbc0, 0x0000024e6095f6d0, 0x0000024e60961110,
0x0000024e609603f0, 0x0000024e609624c0, 0x0000024e60962b50, 0x0000024e6095fd60,
0x0000024e609617a0, 0x0000024e60960a80, 0x0000024e60961e30, 0x0000024e68d03ae0,
0x0000024e68d02730, 0x0000024e68d00660, 0x0000024e68d04170, 0x0000024e68d02dc0,
0x0000024e68d00cf0, 0x0000024e68d04800, 0x0000024e68d01380, 0x0000024e68d01a10,
0x0000024e68d068d0, 0x0000024e68d03450, 0x0000024e68d06f60, 0x0000024e68d075f0,
0x0000024e654647f0, 0x0000024e65464e80, 0x0000024e654668c0, 0x0000024e66c0ac70,
0x0000024e65469d40, 0x0000024e65468990, 0x0000024e654675e0, 0x0000024e65468300,
0x0000024e65466f50, 0x0000024e65467c70, 0x0000024e6546a3d0, 0x0000024e67773f30,
0x0000024e677745c0, 0x0000024e66c0b340
}

Java Threads: ( => current thread )
  0x0000024e4775cca0 JavaThread "main"                              [_thread_blocked, id=30980, stack(0x000000bd99100000,0x000000bd99200000) (1024K)]
  0x0000024e600f0080 JavaThread "Reference Handler"          daemon [_thread_blocked, id=26132, stack(0x000000bd99500000,0x000000bd99600000) (1024K)]
  0x0000024e600f5230 JavaThread "Finalizer"                  daemon [_thread_blocked, id=39876, stack(0x000000bd99600000,0x000000bd99700000) (1024K)]
  0x0000024e600f9210 JavaThread "Signal Dispatcher"          daemon [_thread_blocked, id=11092, stack(0x000000bd99700000,0x000000bd99800000) (1024K)]
  0x0000024e600f98a0 JavaThread "Attach Listener"            daemon [_thread_blocked, id=37800, stack(0x000000bd99800000,0x000000bd99900000) (1024K)]
  0x0000024e600f8b80 JavaThread "Service Thread"             daemon [_thread_blocked, id=8228, stack(0x000000bd99900000,0x000000bd99a00000) (1024K)]
  0x0000024e600f7e60 JavaThread "Monitor Deflation Thread"   daemon [_thread_blocked, id=39492, stack(0x000000bd99a00000,0x000000bd99b00000) (1024K)]
=>0x0000024e60117d00 JavaThread "C2 CompilerThread0"         daemon [_thread_in_native, id=37164, stack(0x000000bd99b00000,0x000000bd99c00000) (1024K)]
  0x0000024e601383c0 JavaThread "C1 CompilerThread0"         daemon [_thread_in_native, id=7740, stack(0x000000bd99c00000,0x000000bd99d00000) (1024K)]
  0x0000024e600f9f30 JavaThread "Common-Cleaner"             daemon [_thread_blocked, id=35360, stack(0x000000bd99d00000,0x000000bd99e00000) (1024K)]
  0x0000024e600fa5c0 JavaThread "Notification Thread"        daemon [_thread_blocked, id=18744, stack(0x000000bd99e00000,0x000000bd99f00000) (1024K)]
  0x0000024e600fac50 JavaThread "Active Thread: Equinox Container: fcbdcdf1-18d2-409b-a3ec-3b543da96c22"        [_thread_blocked, id=22460, stack(0x000000bd9a500000,0x000000bd9a600000) (1024K)]
  0x0000024e600f77d0 JavaThread "Refresh Thread: Equinox Container: fcbdcdf1-18d2-409b-a3ec-3b543da96c22" daemon [_thread_blocked, id=33224, stack(0x000000bd9a700000,0x000000bd9a800000) (1024K)]
  0x0000024e600f84f0 JavaThread "Framework Event Dispatcher: Equinox Container: fcbdcdf1-18d2-409b-a3ec-3b543da96c22" daemon [_thread_blocked, id=32380, stack(0x000000bd9a800000,0x000000bd9a900000) (1024K)]
  0x0000024e6095c8e0 JavaThread "Start Level: Equinox Container: fcbdcdf1-18d2-409b-a3ec-3b543da96c22" daemon [_thread_blocked, id=38144, stack(0x000000bd9a900000,0x000000bd9aa00000) (1024K)]
  0x0000024e6095b530 JavaThread "Bundle File Closer"         daemon [_thread_blocked, id=25492, stack(0x000000bd9ac00000,0x000000bd9ad00000) (1024K)]
  0x0000024e6095c250 JavaThread "SCR Component Actor"        daemon [_thread_blocked, id=29604, stack(0x000000bd9ad00000,0x000000bd9ae00000) (1024K)]
  0x0000024e6095cf70 JavaThread "Worker-JM"                         [_thread_blocked, id=9116, stack(0x000000bd9ae00000,0x000000bd9af00000) (1024K)]
  0x0000024e6095e320 JavaThread "Worker-0"                          [_thread_blocked, id=35944, stack(0x000000bd9af00000,0x000000bd9b000000) (1024K)]
  0x0000024e6095d600 JavaThread "Worker-1: Publish Diagnostics"        [_thread_in_Java, id=20448, stack(0x000000bd9b000000,0x000000bd9b100000) (1024K)]
  0x0000024e6095f040 JavaThread "Worker-2"                          [_thread_blocked, id=33832, stack(0x000000bd9b200000,0x000000bd9b300000) (1024K)]
  0x0000024e6095bbc0 JavaThread "Worker-3"                          [_thread_blocked, id=31284, stack(0x000000bd9b300000,0x000000bd9b400000) (1024K)]
  0x0000024e6095f6d0 JavaThread "Java indexing"              daemon [_thread_blocked, id=31600, stack(0x000000bd9b500000,0x000000bd9b600000) (1024K)]
  0x0000024e60961110 JavaThread "JNA Cleaner"                daemon [_thread_blocked, id=8652, stack(0x000000bd9b600000,0x000000bd9b700000) (1024K)]
  0x0000024e609603f0 JavaThread "Worker-4"                          [_thread_blocked, id=356, stack(0x000000bd9b900000,0x000000bd9ba00000) (1024K)]
  0x0000024e609624c0 JavaThread "Worker-5"                          [_thread_blocked, id=10344, stack(0x000000bd9ba00000,0x000000bd9bb00000) (1024K)]
  0x0000024e60962b50 JavaThread "Thread-1"                   daemon [_thread_in_native, id=11384, stack(0x000000bd9bb00000,0x000000bd9bc00000) (1024K)]
  0x0000024e6095fd60 JavaThread "Thread-2"                   daemon [_thread_in_native, id=27300, stack(0x000000bd9bc00000,0x000000bd9bd00000) (1024K)]
  0x0000024e609617a0 JavaThread "Thread-3"                   daemon [_thread_in_native, id=37724, stack(0x000000bd9bd00000,0x000000bd9be00000) (1024K)]
  0x0000024e60960a80 JavaThread "Thread-4"                   daemon [_thread_in_native, id=21168, stack(0x000000bd9be00000,0x000000bd9bf00000) (1024K)]
  0x0000024e60961e30 JavaThread "Thread-5"                   daemon [_thread_in_native, id=37612, stack(0x000000bd9bf00000,0x000000bd9c000000) (1024K)]
  0x0000024e68d03ae0 JavaThread "Thread-6"                   daemon [_thread_in_native, id=37676, stack(0x000000bd9c000000,0x000000bd9c100000) (1024K)]
  0x0000024e68d02730 JavaThread "Thread-7"                   daemon [_thread_in_native, id=37712, stack(0x000000bd9c100000,0x000000bd9c200000) (1024K)]
  0x0000024e68d00660 JavaThread "Thread-8"                   daemon [_thread_in_native, id=25360, stack(0x000000bd9c200000,0x000000bd9c300000) (1024K)]
  0x0000024e68d04170 JavaThread "Thread-9"                   daemon [_thread_in_native, id=38924, stack(0x000000bd9c300000,0x000000bd9c400000) (1024K)]
  0x0000024e68d02dc0 JavaThread "Thread-10"                  daemon [_thread_in_native, id=38776, stack(0x000000bd9c400000,0x000000bd9c500000) (1024K)]
  0x0000024e68d00cf0 JavaThread "Thread-11"                  daemon [_thread_in_native, id=32160, stack(0x000000bd9c500000,0x000000bd9c600000) (1024K)]
  0x0000024e68d04800 JavaThread "Thread-12"                  daemon [_thread_in_native, id=20128, stack(0x000000bd9c600000,0x000000bd9c700000) (1024K)]
  0x0000024e68d01380 JavaThread "Thread-13"                  daemon [_thread_in_native, id=11676, stack(0x000000bd9c700000,0x000000bd9c800000) (1024K)]
  0x0000024e68d01a10 JavaThread "pool-2-thread-1"                   [_thread_blocked, id=3644, stack(0x000000bd9c800000,0x000000bd9c900000) (1024K)]
  0x0000024e68d068d0 JavaThread "WorkspaceEventsHandler"            [_thread_blocked, id=16364, stack(0x000000bd9ca00000,0x000000bd9cb00000) (1024K)]
  0x0000024e68d03450 JavaThread "pool-1-thread-1"                   [_thread_blocked, id=18340, stack(0x000000bd9cb00000,0x000000bd9cc00000) (1024K)]
  0x0000024e68d06f60 JavaThread "pool-3-thread-1"                   [_thread_blocked, id=12296, stack(0x000000bd9b400000,0x000000bd9b500000) (1024K)]
  0x0000024e68d075f0 JavaThread "ForkJoinPool.commonPool-worker-1" daemon [_thread_blocked, id=26752, stack(0x000000bd9b100000,0x000000bd9b200000) (1024K)]
  0x0000024e654647f0 JavaThread "Compiler Source File Reader" daemon [_thread_blocked, id=2548, stack(0x000000bd9ce00000,0x000000bd9cf00000) (1024K)]
  0x0000024e65464e80 JavaThread "Compiler Processing Task"   daemon [_thread_blocked, id=36620, stack(0x000000bd9cf00000,0x000000bd9d000000) (1024K)]
  0x0000024e654668c0 JavaThread "Compiler Class File Writer" daemon [_thread_blocked, id=10756, stack(0x000000bd98e00000,0x000000bd98f00000) (1024K)]
  0x0000024e66c0ac70 JavaThread "C2 CompilerThread1"         daemon [_thread_in_native, id=35384, stack(0x000000bd98f00000,0x000000bd99000000) (1024K)]
  0x0000024e65469d40 JavaThread "ForkJoinPool.commonPool-worker-2" daemon [_thread_blocked, id=8608, stack(0x000000bd9cc00000,0x000000bd9cd00000) (1024K)]
  0x0000024e65468990 JavaThread "ForkJoinPool.commonPool-worker-3" daemon [_thread_blocked, id=13836, stack(0x000000bd9cd00000,0x000000bd9ce00000) (1024K)]
  0x0000024e654675e0 JavaThread "ForkJoinPool.commonPool-worker-4" daemon [_thread_blocked, id=38512, stack(0x000000bd9d000000,0x000000bd9d100000) (1024K)]
  0x0000024e65468300 JavaThread "ForkJoinPool.commonPool-worker-6" daemon [_thread_blocked, id=29476, stack(0x000000bd9d100000,0x000000bd9d200000) (1024K)]
  0x0000024e65466f50 JavaThread "ForkJoinPool.commonPool-worker-5" daemon [_thread_blocked, id=11732, stack(0x000000bd9d200000,0x000000bd9d300000) (1024K)]
  0x0000024e65467c70 JavaThread "ForkJoinPool.commonPool-worker-7" daemon [_thread_in_Java, id=24840, stack(0x000000bd99000000,0x000000bd99100000) (1024K)]
  0x0000024e6546a3d0 JavaThread "ForkJoinPool.commonPool-worker-8" daemon [_thread_blocked, id=37324, stack(0x000000bd9d300000,0x000000bd9d400000) (1024K)]
  0x0000024e67773f30 JavaThread "ForkJoinPool.commonPool-worker-9" daemon [_thread_blocked, id=39740, stack(0x000000bd9d400000,0x000000bd9d500000) (1024K)]
  0x0000024e677745c0 JavaThread "ForkJoinPool.commonPool-worker-10" daemon [_thread_in_vm, id=18064, stack(0x000000bd9d500000,0x000000bd9d600000) (1024K)]
  0x0000024e66c0b340 JavaThread "C2 CompilerThread2"         daemon [_thread_in_native, id=10600, stack(0x000000bd9d600000,0x000000bd9d700000) (1024K)]
Total: 58

Other Threads:
  0x0000024e4781e310 VMThread "VM Thread"                           [id=32512, stack(0x000000bd99400000,0x000000bd99500000) (1024K)]
  0x0000024e5e0eca00 WatcherThread "VM Periodic Task Thread"        [id=34248, stack(0x000000bd99300000,0x000000bd99400000) (1024K)]
  0x0000024e4777b200 WorkerThread "GC Thread#0"                     [id=1108, stack(0x000000bd99200000,0x000000bd99300000) (1024K)]
  0x0000024e608e3e60 WorkerThread "GC Thread#1"                     [id=12956, stack(0x000000bd99f00000,0x000000bd9a000000) (1024K)]
  0x0000024e608f6f80 WorkerThread "GC Thread#2"                     [id=28940, stack(0x000000bd9a000000,0x000000bd9a100000) (1024K)]
  0x0000024e609dd3a0 WorkerThread "GC Thread#3"                     [id=39760, stack(0x000000bd9a100000,0x000000bd9a200000) (1024K)]
  0x0000024e605dc790 WorkerThread "GC Thread#4"                     [id=39396, stack(0x000000bd9a200000,0x000000bd9a300000) (1024K)]
  0x0000024e6085e490 WorkerThread "GC Thread#5"                     [id=27552, stack(0x000000bd9a300000,0x000000bd9a400000) (1024K)]
  0x0000024e6085e840 WorkerThread "GC Thread#6"                     [id=18380, stack(0x000000bd9a400000,0x000000bd9a500000) (1024K)]
  0x0000024e60cb6ae0 WorkerThread "GC Thread#7"                     [id=37552, stack(0x000000bd9a600000,0x000000bd9a700000) (1024K)]
  0x0000024e65204660 WorkerThread "GC Thread#8"                     [id=9644, stack(0x000000bd9aa00000,0x000000bd9ab00000) (1024K)]
  0x0000024e6519e480 WorkerThread "GC Thread#9"                     [id=38888, stack(0x000000bd9ab00000,0x000000bd9ac00000) (1024K)]
Total: 12

Threads with active compile tasks:
C2 CompilerThread0  76152 9372       4       java.lang.reflect.Field::get (39 bytes)
C1 CompilerThread0  76153 9481       3       org.eclipse.jdt.internal.compiler.parser.Parser::consumeRule (7843 bytes)
C2 CompilerThread1  76153 9431       4       java.lang.invoke.DirectMethodHandle::make (275 bytes)
C2 CompilerThread2  76153 9456   !   4       org.eclipse.jdt.internal.compiler.parser.Scanner::getNextToken0 (3068 bytes)
Total: 4

VM state: not at safepoint (normal execution)

VM Mutex/Monitor currently owned by a thread: None

Heap address: 0x0000000080000000, size: 2048 MB, Compressed Oops mode: 32-bit

CDS archive(s) mapped at: [0x0000024e00000000-0x0000024e00ba0000-0x0000024e00ba0000), size 12189696, SharedBaseAddress: 0x0000024e00000000, ArchiveRelocationMode: 1.
Compressed class space mapped at: 0x0000024e01000000-0x0000024e41000000, reserved size: 1073741824
Narrow klass base: 0x0000024e00000000, Narrow klass shift: 0, Narrow klass range: 0x100000000

GC Precious Log:
 CardTable entry size: 512
 CPUs: 12 total, 12 available
 Memory: 7598M
 Large Page Support: Disabled
 NUMA Support: Disabled
 Compressed Oops: Enabled (32-bit)
 Alignments: Space 512K, Generation 512K, Heap 2M
 Heap Min Capacity: 100M
 Heap Initial Capacity: 100M
 Heap Max Capacity: 2G
 Pre-touch: Disabled
 Parallel Workers: 10

Heap:
 PSYoungGen      total 2048K, used 808K [0x00000000d5580000, 0x00000000d5980000, 0x0000000100000000)
  eden space 1536K, 26% used [0x00000000d5580000,0x00000000d55e5f88,0x00000000d5700000)
  from space 512K, 78% used [0x00000000d5900000,0x00000000d5964420,0x00000000d5980000)
  to   space 1024K, 0% used [0x00000000d5780000,0x00000000d5780000,0x00000000d5880000)
 ParOldGen       total 418816K, used 418655K [0x0000000080000000, 0x0000000099900000, 0x00000000d5580000)
  object space 418816K, 99% used [0x0000000080000000,0x00000000998d7ec8,0x0000000099900000)
 Metaspace       used 66002K, committed 67328K, reserved 1114112K
  class space    used 7160K, committed 7744K, reserved 1048576K

Card table byte_map: [0x0000024e47100000,0x0000024e47510000] _byte_map_base: 0x0000024e46d00000

Marking Bits: (ParMarkBitMap*) 0x00007ff90dbd3450
 Begin Bits: [0x0000024e59c10000, 0x0000024e5bc10000)
 End Bits:   [0x0000024e5bc10000, 0x0000024e5dc10000)

Polling page: 0x0000024e45610000

Metaspace:

Usage:
  Non-class:     57.46 MB used.
      Class:      6.99 MB used.
       Both:     64.46 MB used.

Virtual space:
  Non-class space:       64.00 MB reserved,      58.19 MB ( 91%) committed,  1 nodes.
      Class space:        1.00 GB reserved,       7.56 MB ( <1%) committed,  1 nodes.
             Both:        1.06 GB reserved,      65.75 MB (  6%) committed. 

Chunk freelists:
   Non-Class:  5.25 MB
       Class:  8.47 MB
        Both:  13.72 MB

MaxMetaspaceSize: unlimited
CompressedClassSpaceSize: 1.00 GB
Initial GC threshold: 21.00 MB
Current GC threshold: 97.31 MB
CDS: on
 - commit_granule_bytes: 65536.
 - commit_granule_words: 8192.
 - virtual_space_node_default_size: 8388608.
 - enlarge_chunks_in_place: 1.
 - use_allocation_guard: 0.


Internal statistics:

num_allocs_failed_limit: 9.
num_arena_births: 1052.
num_arena_deaths: 26.
num_vsnodes_births: 2.
num_vsnodes_deaths: 0.
num_space_committed: 1053.
num_space_uncommitted: 0.
num_chunks_returned_to_freelist: 40.
num_chunks_taken_from_freelist: 3965.
num_chunk_merges: 13.
num_chunk_splits: 2394.
num_chunks_enlarged: 1341.
num_inconsistent_stats: 0.

CodeHeap 'non-profiled nmethods': size=120000Kb used=6464Kb max_used=6464Kb free=113535Kb
 bounds [0x0000024e52430000, 0x0000024e52a90000, 0x0000024e59960000]
CodeHeap 'profiled nmethods': size=120000Kb used=19184Kb max_used=19184Kb free=100815Kb
 bounds [0x0000024e4a960000, 0x0000024e4bc20000, 0x0000024e51e90000]
CodeHeap 'non-nmethods': size=5760Kb used=1477Kb max_used=1541Kb free=4283Kb
 bounds [0x0000024e51e90000, 0x0000024e52100000, 0x0000024e52430000]
CodeCache: size=245760Kb, used=27125Kb, max_used=27189Kb, free=218633Kb
 total_blobs=9565, nmethods=8773, adapters=698, full_count=0
Compilation: enabled, stopped_count=0, restarted_count=0

Compilation events (20 events):
Event: 74.401 Thread 0x0000024e601383c0 nmethod 9446 0x0000024e4bc07110 code [0x0000024e4bc072c0, 0x0000024e4bc073e0]
Event: 74.402 Thread 0x0000024e66c0ac70 nmethod 9439 0x0000024e52a7ed10 code [0x0000024e52a7eea0, 0x0000024e52a7ef58]
Event: 74.403 Thread 0x0000024e66c0ac70 9420       4       java.util.Arrays::copyOfRange (90 bytes)
Event: 74.409 Thread 0x0000024e601383c0 9448       3       org.eclipse.lsp4j.jsonrpc.json.adapters.MessageTypeAdapter$Factory::create (27 bytes)
Event: 74.410 Thread 0x0000024e66c0ac70 nmethod 9420 0x0000024e52a7f010 code [0x0000024e52a7f1c0, 0x0000024e52a7f6f0]
Event: 74.410 Thread 0x0000024e66c0ac70 9431       4       java.lang.invoke.DirectMethodHandle::make (275 bytes)
Event: 74.410 Thread 0x0000024e601383c0 nmethod 9448 0x0000024e4bc07490 code [0x0000024e4bc07660, 0x0000024e4bc079e8]
Event: 74.414 Thread 0x0000024e601383c0 9449       3       org.eclipse.jdt.internal.core.util.PublicScanner::getCurrentTokenStartPosition (8 bytes)
Event: 74.414 Thread 0x0000024e601383c0 nmethod 9449 0x0000024e4bc07b90 code [0x0000024e4bc07d20, 0x0000024e4bc07e38]
Event: 74.414 Thread 0x0000024e601383c0 9450       3       org.eclipse.jdt.internal.core.util.PublicScanner::getLineNumber (9 bytes)
Event: 74.414 Thread 0x0000024e601383c0 nmethod 9450 0x0000024e4bc07f10 code [0x0000024e4bc080c0, 0x0000024e4bc08280]
Event: 74.414 Thread 0x0000024e601383c0 9452   !   3       org.eclipse.jdt.ls.core.internal.handlers.FoldingRangeHandler::getNextToken (22 bytes)
Event: 74.415 Thread 0x0000024e601383c0 nmethod 9452 0x0000024e4bc08390 code [0x0000024e4bc08560, 0x0000024e4bc08950]
Event: 74.415 Thread 0x0000024e601383c0 9451       3       org.eclipse.jdt.internal.compiler.parser.Scanner::getLineNumber (14 bytes)
Event: 74.415 Thread 0x0000024e601383c0 nmethod 9451 0x0000024e4bc08b90 code [0x0000024e4bc08d40, 0x0000024e4bc08e90]
Event: 74.415 Thread 0x0000024e601383c0 9453       3       org.eclipse.jdt.internal.core.util.PublicScanner::getNextToken (16 bytes)
Event: 74.416 Thread 0x0000024e601383c0 nmethod 9453 0x0000024e4bc08f10 code [0x0000024e4bc090c0, 0x0000024e4bc092e0]
Event: 74.416 Thread 0x0000024e601383c0 9454       3       org.eclipse.jdt.internal.core.util.PublicScanner::translateTokenToTerminalSymbol (1470 bytes)
Event: 74.419 Thread 0x0000024e601383c0 nmethod 9454 0x0000024e4bc09410 code [0x0000024e4bc097e0, 0x0000024e4bc0bec0]
Event: 74.420 Thread 0x0000024e601383c0 9455   !   3       org.eclipse.jdt.internal.core.util.PublicScanner::$SWITCH_TABLE$org$eclipse$jdt$internal$compiler$parser$TerminalToken (2065 bytes)

GC Heap History (20 events):
Event: 73.919 GC heap before
{Heap before GC invocations=199 (full 3):
 PSYoungGen      total 5632K, used 5136K [0x00000000d5580000, 0x00000000d5d80000, 0x0000000100000000)
  eden space 3584K, 99% used [0x00000000d5580000,0x00000000d58ff8f8,0x00000000d5900000)
  from space 2048K, 75% used [0x00000000d5900000,0x00000000d5a84a78,0x00000000d5b00000)
  to   space 2048K, 0% used [0x00000000d5b80000,0x00000000d5b80000,0x00000000d5d80000)
 ParOldGen       total 407552K, used 407517K [0x0000000080000000, 0x0000000098e00000, 0x00000000d5580000)
  object space 407552K, 99% used [0x0000000080000000,0x0000000098df7418,0x0000000098e00000)
 Metaspace       used 63945K, committed 65280K, reserved 1114112K
  class space    used 6964K, committed 7552K, reserved 1048576K
}
Event: 73.922 GC heap after
{Heap after GC invocations=199 (full 3):
 PSYoungGen      total 5120K, used 1232K [0x00000000d5580000, 0x00000000d5d00000, 0x0000000100000000)
  eden space 3584K, 0% used [0x00000000d5580000,0x00000000d5580000,0x00000000d5900000)
  from space 1536K, 80% used [0x00000000d5b80000,0x00000000d5cb4008,0x00000000d5d00000)
  to   space 1536K, 0% used [0x00000000d5a00000,0x00000000d5a00000,0x00000000d5b80000)
 ParOldGen       total 409088K, used 408903K [0x0000000080000000, 0x0000000098f80000, 0x00000000d5580000)
  object space 409088K, 99% used [0x0000000080000000,0x0000000098f51e88,0x0000000098f80000)
 Metaspace       used 63945K, committed 65280K, reserved 1114112K
  class space    used 6964K, committed 7552K, reserved 1048576K
}
Event: 73.991 GC heap before
{Heap before GC invocations=200 (full 3):
 PSYoungGen      total 5120K, used 4813K [0x00000000d5580000, 0x00000000d5d00000, 0x0000000100000000)
  eden space 3584K, 99% used [0x00000000d5580000,0x00000000d58ff5e8,0x00000000d5900000)
  from space 1536K, 80% used [0x00000000d5b80000,0x00000000d5cb4008,0x00000000d5d00000)
  to   space 1536K, 0% used [0x00000000d5a00000,0x00000000d5a00000,0x00000000d5b80000)
 ParOldGen       total 409088K, used 408903K [0x0000000080000000, 0x0000000098f80000, 0x00000000d5580000)
  object space 409088K, 99% used [0x0000000080000000,0x0000000098f51e88,0x0000000098f80000)
 Metaspace       used 64125K, committed 65472K, reserved 1114112K
  class space    used 6989K, committed 7552K, reserved 1048576K
}
Event: 73.995 GC heap after
{Heap after GC invocations=200 (full 3):
 PSYoungGen      total 4608K, used 846K [0x00000000d5580000, 0x00000000d5c00000, 0x0000000100000000)
  eden space 3584K, 0% used [0x00000000d5580000,0x00000000d5580000,0x00000000d5900000)
  from space 1024K, 82% used [0x00000000d5a00000,0x00000000d5ad3b30,0x00000000d5b00000)
  to   space 1024K, 0% used [0x00000000d5b00000,0x00000000d5b00000,0x00000000d5c00000)
 ParOldGen       total 410112K, used 409995K [0x0000000080000000, 0x0000000099080000, 0x00000000d5580000)
  object space 410112K, 99% used [0x0000000080000000,0x0000000099062ef8,0x0000000099080000)
 Metaspace       used 64125K, committed 65472K, reserved 1114112K
  class space    used 6989K, committed 7552K, reserved 1048576K
}
Event: 74.020 GC heap before
{Heap before GC invocations=201 (full 3):
 PSYoungGen      total 4608K, used 4430K [0x00000000d5580000, 0x00000000d5c00000, 0x0000000100000000)
  eden space 3584K, 100% used [0x00000000d5580000,0x00000000d5900000,0x00000000d5900000)
  from space 1024K, 82% used [0x00000000d5a00000,0x00000000d5ad3b30,0x00000000d5b00000)
  to   space 1024K, 0% used [0x00000000d5b00000,0x00000000d5b00000,0x00000000d5c00000)
 ParOldGen       total 410112K, used 409995K [0x0000000080000000, 0x0000000099080000, 0x00000000d5580000)
  object space 410112K, 99% used [0x0000000080000000,0x0000000099062ef8,0x0000000099080000)
 Metaspace       used 64161K, committed 65472K, reserved 1114112K
  class space    used 6995K, committed 7552K, reserved 1048576K
}
Event: 74.026 GC heap after
{Heap after GC invocations=201 (full 3):
 PSYoungGen      total 2560K, used 1024K [0x00000000d5580000, 0x00000000d6100000, 0x0000000100000000)
  eden space 1536K, 0% used [0x00000000d5580000,0x00000000d5580000,0x00000000d5700000)
  from space 1024K, 100% used [0x00000000d5b00000,0x00000000d5c00000,0x00000000d5c00000)
  to   space 4096K, 0% used [0x00000000d5700000,0x00000000d5700000,0x00000000d5b00000)
 ParOldGen       total 412672K, used 412375K [0x0000000080000000, 0x0000000099300000, 0x00000000d5580000)
  object space 412672K, 99% used [0x0000000080000000,0x00000000992b5f78,0x0000000099300000)
 Metaspace       used 64161K, committed 65472K, reserved 1114112K
  class space    used 6995K, committed 7552K, reserved 1048576K
}
Event: 74.056 GC heap before
{Heap before GC invocations=202 (full 3):
 PSYoungGen      total 2560K, used 2560K [0x00000000d5580000, 0x00000000d6100000, 0x0000000100000000)
  eden space 1536K, 100% used [0x00000000d5580000,0x00000000d5700000,0x00000000d5700000)
  from space 1024K, 100% used [0x00000000d5b00000,0x00000000d5c00000,0x00000000d5c00000)
  to   space 4096K, 0% used [0x00000000d5700000,0x00000000d5700000,0x00000000d5b00000)
 ParOldGen       total 412672K, used 412375K [0x0000000080000000, 0x0000000099300000, 0x00000000d5580000)
  object space 412672K, 99% used [0x0000000080000000,0x00000000992b5f78,0x0000000099300000)
 Metaspace       used 64193K, committed 65536K, reserved 1114112K
  class space    used 6997K, committed 7552K, reserved 1048576K
}
Event: 74.060 GC heap after
{Heap after GC invocations=202 (full 3):
 PSYoungGen      total 3072K, used 1184K [0x00000000d5580000, 0x00000000d5b80000, 0x0000000100000000)
  eden space 1536K, 0% used [0x00000000d5580000,0x00000000d5580000,0x00000000d5700000)
  from space 1536K, 77% used [0x00000000d5700000,0x00000000d5828000,0x00000000d5880000)
  to   space 2048K, 0% used [0x00000000d5980000,0x00000000d5980000,0x00000000d5b80000)
 ParOldGen       total 413696K, used 413374K [0x0000000080000000, 0x0000000099400000, 0x00000000d5580000)
  object space 413696K, 99% used [0x0000000080000000,0x00000000993af9c8,0x0000000099400000)
 Metaspace       used 64193K, committed 65536K, reserved 1114112K
  class space    used 6997K, committed 7552K, reserved 1048576K
}
Event: 74.168 GC heap before
{Heap before GC invocations=203 (full 3):
 PSYoungGen      total 3072K, used 2693K [0x00000000d5580000, 0x00000000d5b80000, 0x0000000100000000)
  eden space 1536K, 98% used [0x00000000d5580000,0x00000000d56f9528,0x00000000d5700000)
  from space 1536K, 77% used [0x00000000d5700000,0x00000000d5828000,0x00000000d5880000)
  to   space 2048K, 0% used [0x00000000d5980000,0x00000000d5980000,0x00000000d5b80000)
 ParOldGen       total 413696K, used 413374K [0x0000000080000000, 0x0000000099400000, 0x00000000d5580000)
  object space 413696K, 99% used [0x0000000080000000,0x00000000993af9c8,0x0000000099400000)
 Metaspace       used 64368K, committed 65728K, reserved 1114112K
  class space    used 7012K, committed 7616K, reserved 1048576K
}
Event: 74.172 GC heap after
{Heap after GC invocations=203 (full 3):
 PSYoungGen      total 2048K, used 384K [0x00000000d5580000, 0x00000000d5a00000, 0x0000000100000000)
  eden space 1536K, 0% used [0x00000000d5580000,0x00000000d5580000,0x00000000d5700000)
  from space 512K, 75% used [0x00000000d5980000,0x00000000d59e0000,0x00000000d5a00000)
  to   space 1024K, 0% used [0x00000000d5800000,0x00000000d5800000,0x00000000d5900000)
 ParOldGen       total 414720K, used 414394K [0x0000000080000000, 0x0000000099500000, 0x00000000d5580000)
  object space 414720K, 99% used [0x0000000080000000,0x00000000994ae9d8,0x0000000099500000)
 Metaspace       used 64368K, committed 65728K, reserved 1114112K
  class space    used 7012K, committed 7616K, reserved 1048576K
}
Event: 74.245 GC heap before
{Heap before GC invocations=204 (full 3):
 PSYoungGen      total 2048K, used 1916K [0x00000000d5580000, 0x00000000d5a00000, 0x0000000100000000)
  eden space 1536K, 99% used [0x00000000d5580000,0x00000000d56ff180,0x00000000d5700000)
  from space 512K, 75% used [0x00000000d5980000,0x00000000d59e0000,0x00000000d5a00000)
  to   space 1024K, 0% used [0x00000000d5800000,0x00000000d5800000,0x00000000d5900000)
 ParOldGen       total 414720K, used 414394K [0x0000000080000000, 0x0000000099500000, 0x00000000d5580000)
  object space 414720K, 99% used [0x0000000080000000,0x00000000994ae9d8,0x0000000099500000)
 Metaspace       used 64729K, committed 66048K, reserved 1114112K
  class space    used 7045K, committed 7616K, reserved 1048576K
}
Event: 74.248 GC heap after
{Heap after GC invocations=204 (full 3):
 PSYoungGen      total 2560K, used 224K [0x00000000d5580000, 0x00000000d5a00000, 0x0000000100000000)
  eden space 1536K, 0% used [0x00000000d5580000,0x00000000d5580000,0x00000000d5700000)
  from space 1024K, 21% used [0x00000000d5800000,0x00000000d5838000,0x00000000d5900000)
  to   space 512K, 0% used [0x00000000d5980000,0x00000000d5980000,0x00000000d5a00000)
 ParOldGen       total 414720K, used 414642K [0x0000000080000000, 0x0000000099500000, 0x00000000d5580000)
  object space 414720K, 99% used [0x0000000080000000,0x00000000994ec9d8,0x0000000099500000)
 Metaspace       used 64729K, committed 66048K, reserved 1114112K
  class space    used 7045K, committed 7616K, reserved 1048576K
}
Event: 74.296 GC heap before
{Heap before GC invocations=205 (full 3):
 PSYoungGen      total 2560K, used 1756K [0x00000000d5580000, 0x00000000d5a00000, 0x0000000100000000)
  eden space 1536K, 99% used [0x00000000d5580000,0x00000000d56ff028,0x00000000d5700000)
  from space 1024K, 21% used [0x00000000d5800000,0x00000000d5838000,0x00000000d5900000)
  to   space 512K, 0% used [0x00000000d5980000,0x00000000d5980000,0x00000000d5a00000)
 ParOldGen       total 414720K, used 414642K [0x0000000080000000, 0x0000000099500000, 0x00000000d5580000)
  object space 414720K, 99% used [0x0000000080000000,0x00000000994ec9d8,0x0000000099500000)
 Metaspace       used 64927K, committed 66240K, reserved 1114112K
  class space    used 7070K, committed 7616K, reserved 1048576K
}
Event: 74.298 GC heap after
{Heap after GC invocations=205 (full 3):
 PSYoungGen      total 2048K, used 315K [0x00000000d5580000, 0x00000000d5a00000, 0x0000000100000000)
  eden space 1536K, 0% used [0x00000000d5580000,0x00000000d5580000,0x00000000d5700000)
  from space 512K, 61% used [0x00000000d5980000,0x00000000d59cee58,0x00000000d5a00000)
  to   space 512K, 0% used [0x00000000d5900000,0x00000000d5900000,0x00000000d5980000)
 ParOldGen       total 415232K, used 414754K [0x0000000080000000, 0x0000000099580000, 0x00000000d5580000)
  object space 415232K, 99% used [0x0000000080000000,0x00000000995089e8,0x0000000099580000)
 Metaspace       used 64927K, committed 66240K, reserved 1114112K
  class space    used 7070K, committed 7616K, reserved 1048576K
}
Event: 74.333 GC heap before
{Heap before GC invocations=206 (full 3):
 PSYoungGen      total 2048K, used 1851K [0x00000000d5580000, 0x00000000d5a00000, 0x0000000100000000)
  eden space 1536K, 100% used [0x00000000d5580000,0x00000000d5700000,0x00000000d5700000)
  from space 512K, 61% used [0x00000000d5980000,0x00000000d59cee58,0x00000000d5a00000)
  to   space 512K, 0% used [0x00000000d5900000,0x00000000d5900000,0x00000000d5980000)
 ParOldGen       total 415232K, used 414754K [0x0000000080000000, 0x0000000099580000, 0x00000000d5580000)
  object space 415232K, 99% used [0x0000000080000000,0x00000000995089e8,0x0000000099580000)
 Metaspace       used 65169K, committed 66496K, reserved 1114112K
  class space    used 7086K, committed 7680K, reserved 1048576K
}
Event: 74.335 GC heap after
{Heap after GC invocations=206 (full 3):
 PSYoungGen      total 2048K, used 256K [0x00000000d5580000, 0x00000000d5a00000, 0x0000000100000000)
  eden space 1536K, 0% used [0x00000000d5580000,0x00000000d5580000,0x00000000d5700000)
  from space 512K, 50% used [0x00000000d5900000,0x00000000d5940000,0x00000000d5980000)
  to   space 512K, 0% used [0x00000000d5980000,0x00000000d5980000,0x00000000d5a00000)
 ParOldGen       total 415232K, used 414810K [0x0000000080000000, 0x0000000099580000, 0x00000000d5580000)
  object space 415232K, 99% used [0x0000000080000000,0x00000000995169e8,0x0000000099580000)
 Metaspace       used 65169K, committed 66496K, reserved 1114112K
  class space    used 7086K, committed 7680K, reserved 1048576K
}
Event: 74.369 GC heap before
{Heap before GC invocations=207 (full 3):
 PSYoungGen      total 2048K, used 1786K [0x00000000d5580000, 0x00000000d5a00000, 0x0000000100000000)
  eden space 1536K, 99% used [0x00000000d5580000,0x00000000d56fe840,0x00000000d5700000)
  from space 512K, 50% used [0x00000000d5900000,0x00000000d5940000,0x00000000d5980000)
  to   space 512K, 0% used [0x00000000d5980000,0x00000000d5980000,0x00000000d5a00000)
 ParOldGen       total 415232K, used 414810K [0x0000000080000000, 0x0000000099580000, 0x00000000d5580000)
  object space 415232K, 99% used [0x0000000080000000,0x00000000995169e8,0x0000000099580000)
 Metaspace       used 65320K, committed 66624K, reserved 1114112K
  class space    used 7105K, committed 7680K, reserved 1048576K
}
Event: 74.372 GC heap after
{Heap after GC invocations=207 (full 3):
 PSYoungGen      total 2048K, used 320K [0x00000000d5580000, 0x00000000d5a00000, 0x0000000100000000)
  eden space 1536K, 0% used [0x00000000d5580000,0x00000000d5580000,0x00000000d5700000)
  from space 512K, 62% used [0x00000000d5980000,0x00000000d59d0000,0x00000000d5a00000)
  to   space 512K, 0% used [0x00000000d5900000,0x00000000d5900000,0x00000000d5980000)
 ParOldGen       total 415232K, used 414858K [0x0000000080000000, 0x0000000099580000, 0x00000000d5580000)
  object space 415232K, 99% used [0x0000000080000000,0x00000000995229e8,0x0000000099580000)
 Metaspace       used 65320K, committed 66624K, reserved 1114112K
  class space    used 7105K, committed 7680K, reserved 1048576K
}
Event: 74.397 GC heap before
{Heap before GC invocations=208 (full 3):
 PSYoungGen      total 2048K, used 1855K [0x00000000d5580000, 0x00000000d5a00000, 0x0000000100000000)
  eden space 1536K, 99% used [0x00000000d5580000,0x00000000d56fff90,0x00000000d5700000)
  from space 512K, 62% used [0x00000000d5980000,0x00000000d59d0000,0x00000000d5a00000)
  to   space 512K, 0% used [0x00000000d5900000,0x00000000d5900000,0x00000000d5980000)
 ParOldGen       total 415232K, used 414858K [0x0000000080000000, 0x0000000099580000, 0x00000000d5580000)
  object space 415232K, 99% used [0x0000000080000000,0x00000000995229e8,0x0000000099580000)
 Metaspace       used 65504K, committed 66816K, reserved 1114112K
  class space    used 7123K, committed 7680K, reserved 1048576K
}
Event: 74.401 GC heap after
{Heap after GC invocations=208 (full 3):
 PSYoungGen      total 2048K, used 394K [0x00000000d5580000, 0x00000000d5a00000, 0x0000000100000000)
  eden space 1536K, 0% used [0x00000000d5580000,0x00000000d5580000,0x00000000d5700000)
  from space 512K, 76% used [0x00000000d5900000,0x00000000d5962898,0x00000000d5980000)
  to   space 512K, 0% used [0x00000000d5980000,0x00000000d5980000,0x00000000d5a00000)
 ParOldGen       total 415232K, used 414986K [0x0000000080000000, 0x0000000099580000, 0x00000000d5580000)
  object space 415232K, 99% used [0x0000000080000000,0x00000000995429e8,0x0000000099580000)
 Metaspace       used 65504K, committed 66816K, reserved 1114112K
  class space    used 7123K, committed 7680K, reserved 1048576K
}

Dll operation events (14 events):
Event: 0.025 Loaded shared library c:\Users\olive\.vscode\extensions\redhat.java-1.53.0-win32-x64\jre\21.0.10-win32-x86_64\bin\java.dll
Event: 0.159 Loaded shared library c:\Users\olive\.vscode\extensions\redhat.java-1.53.0-win32-x64\jre\21.0.10-win32-x86_64\bin\zip.dll
Event: 0.202 Loaded shared library C:\Users\olive\.vscode\extensions\redhat.java-1.53.0-win32-x64\jre\21.0.10-win32-x86_64\bin\instrument.dll
Event: 0.214 Loaded shared library C:\Users\olive\.vscode\extensions\redhat.java-1.53.0-win32-x64\jre\21.0.10-win32-x86_64\bin\net.dll
Event: 0.221 Loaded shared library C:\Users\olive\.vscode\extensions\redhat.java-1.53.0-win32-x64\jre\21.0.10-win32-x86_64\bin\nio.dll
Event: 0.227 Loaded shared library C:\Users\olive\.vscode\extensions\redhat.java-1.53.0-win32-x64\jre\21.0.10-win32-x86_64\bin\zip.dll
Event: 0.257 Loaded shared library C:\Users\olive\.vscode\extensions\redhat.java-1.53.0-win32-x64\jre\21.0.10-win32-x86_64\bin\jimage.dll
Event: 0.390 Loaded shared library c:\Users\olive\.vscode\extensions\redhat.java-1.53.0-win32-x64\jre\21.0.10-win32-x86_64\bin\verify.dll
Event: 2.456 Loaded shared library C:\Users\olive\AppData\Roaming\Code\User\globalStorage\redhat.java\1.53.0\config_win\org.eclipse.equinox.launcher\org.eclipse.equinox.launcher.win32.win32.x86_64_1.3.0.v20260203-2149\eclipse_11919.dll
Event: 5.492 Loaded shared library C:\Users\olive\.vscode\extensions\redhat.java-1.53.0-win32-x64\jre\21.0.10-win32-x86_64\bin\management.dll
Event: 5.500 Loaded shared library C:\Users\olive\.vscode\extensions\redhat.java-1.53.0-win32-x64\jre\21.0.10-win32-x86_64\bin\management_ext.dll
Event: 8.539 Loaded shared library C:\Users\olive\AppData\Local\Temp\jna-105832923\jna6068935821238303136.dll
Event: 8.820 Loaded shared library C:\Users\olive\.vscode\extensions\redhat.java-1.53.0-win32-x64\jre\21.0.10-win32-x86_64\bin\sunmscapi.dll
Event: 9.510 Loaded shared library C:\Users\olive\.vscode\extensions\redhat.java-1.53.0-win32-x64\jre\21.0.10-win32-x86_64\bin\extnet.dll

Deoptimization events (20 events):
Event: 74.035 Thread 0x0000024e68d03450 DEOPT PACKING pc=0x0000024e529101b4 sp=0x000000bd9cbfcf70
Event: 74.035 Thread 0x0000024e68d03450 DEOPT UNPACKING pc=0x0000024e51ee3aa2 sp=0x000000bd9cbfced0 mode 2
Event: 74.035 Thread 0x0000024e65469d40 Uncommon trap: trap_request=0xffffff45 fr.pc=0x0000024e52a3fbe8 relative=0x00000000000005c8
Event: 74.035 Thread 0x0000024e65469d40 Uncommon trap: reason=unstable_if action=reinterpret pc=0x0000024e52a3fbe8 method=org.eclipse.jdt.internal.core.index.DiskIndex.addQueryResult(Lorg/eclipse/jdt/internal/compiler/util/HashtableOfObject;[CLjava/lang/Object;Lorg/eclipse/jdt/internal/core/ind
Event: 74.035 Thread 0x0000024e65469d40 DEOPT PACKING pc=0x0000024e52a3fbe8 sp=0x000000bd9ccfe900
Event: 74.035 Thread 0x0000024e65469d40 DEOPT UNPACKING pc=0x0000024e51ee3aa2 sp=0x000000bd9ccfe850 mode 2
Event: 74.035 Thread 0x0000024e68d03450 Uncommon trap: trap_request=0xffffffde fr.pc=0x0000024e529101b4 relative=0x0000000000002334
Event: 74.035 Thread 0x0000024e68d03450 Uncommon trap: reason=class_check action=maybe_recompile pc=0x0000024e529101b4 method=org.eclipse.jdt.internal.core.JavaModelCache.getInfo(Lorg/eclipse/jdt/core/IJavaElement;)Lorg/eclipse/jdt/internal/compiler/env/IElementInfo; @ 91 c2
Event: 74.035 Thread 0x0000024e68d03450 DEOPT PACKING pc=0x0000024e529101b4 sp=0x000000bd9cbfcf70
Event: 74.035 Thread 0x0000024e68d03450 DEOPT UNPACKING pc=0x0000024e51ee3aa2 sp=0x000000bd9cbfced0 mode 2
Event: 74.061 Thread 0x0000024e68d03450 Uncommon trap: trap_request=0xffffff45 fr.pc=0x0000024e528c416c relative=0x000000000000016c
Event: 74.061 Thread 0x0000024e68d03450 Uncommon trap: reason=unstable_if action=reinterpret pc=0x0000024e528c416c method=org.eclipse.jdt.internal.core.util.WeakHashSet.cleanupGarbageCollectedValues()V @ 140 c2
Event: 74.061 Thread 0x0000024e68d03450 DEOPT PACKING pc=0x0000024e528c416c sp=0x000000bd9cbfca70
Event: 74.061 Thread 0x0000024e68d03450 DEOPT UNPACKING pc=0x0000024e51ee3aa2 sp=0x000000bd9cbfc9f0 mode 2
Event: 74.354 Thread 0x0000024e65468990 DEOPT PACKING pc=0x0000024e4a999e52 sp=0x000000bd9cdfe1e0
Event: 74.354 Thread 0x0000024e65468990 DEOPT UNPACKING pc=0x0000024e51ee4242 sp=0x000000bd9cdfd6a0 mode 0
Event: 74.418 Thread 0x0000024e65468990 Uncommon trap: trap_request=0xffffff45 fr.pc=0x0000024e52791ee0 relative=0x0000000000000cc0
Event: 74.418 Thread 0x0000024e65468990 Uncommon trap: reason=unstable_if action=reinterpret pc=0x0000024e52791ee0 method=java.util.concurrent.ConcurrentHashMap.putVal(Ljava/lang/Object;Ljava/lang/Object;Z)Ljava/lang/Object; @ 245 c2
Event: 74.418 Thread 0x0000024e65468990 DEOPT PACKING pc=0x0000024e52791ee0 sp=0x000000bd9cdfe430
Event: 74.418 Thread 0x0000024e65468990 DEOPT UNPACKING pc=0x0000024e51ee3aa2 sp=0x000000bd9cdfe3b8 mode 2

Classes loaded (20 events):
Event: 59.424 Loading class sun/nio/cs/ThreadLocalCoders$1
Event: 59.424 Loading class sun/nio/cs/ThreadLocalCoders$Cache
Event: 59.424 Loading class sun/nio/cs/ThreadLocalCoders$Cache done
Event: 59.424 Loading class sun/nio/cs/ThreadLocalCoders$1 done
Event: 59.425 Loading class sun/nio/cs/ThreadLocalCoders$2
Event: 59.425 Loading class sun/nio/cs/ThreadLocalCoders$2 done
Event: 59.534 Loading class java/util/stream/ReduceOps$4
Event: 59.535 Loading class java/util/stream/ReduceOps$4 done
Event: 59.535 Loading class java/util/stream/ReduceOps$4ReducingSink
Event: 59.535 Loading class java/util/stream/ReduceOps$4ReducingSink done
Event: 59.538 Loading class java/nio/file/Files$2
Event: 59.538 Loading class java/nio/file/Files$2 done
Event: 59.644 Loading class java/util/concurrent/ArrayBlockingQueue
Event: 59.645 Loading class java/util/concurrent/ArrayBlockingQueue done
Event: 60.053 Loading class java/util/concurrent/ConcurrentHashMap$KeySpliterator
Event: 60.054 Loading class java/util/concurrent/ConcurrentHashMap$KeySpliterator done
Event: 73.980 Loading class java/util/stream/ReduceOps$1
Event: 73.981 Loading class java/util/stream/ReduceOps$1 done
Event: 73.981 Loading class java/util/stream/ReduceOps$1ReducingSink
Event: 73.982 Loading class java/util/stream/ReduceOps$1ReducingSink done

Classes unloaded (13 events):
Event: 6.993 Thread 0x0000024e4781e310 Unloading class 0x0000024e011acc00 'java/lang/invoke/LambdaForm$MH+0x0000024e011acc00'
Event: 6.993 Thread 0x0000024e4781e310 Unloading class 0x0000024e011ac800 'java/lang/invoke/LambdaForm$MH+0x0000024e011ac800'
Event: 6.993 Thread 0x0000024e4781e310 Unloading class 0x0000024e011ac400 'java/lang/invoke/LambdaForm$MH+0x0000024e011ac400'
Event: 6.993 Thread 0x0000024e4781e310 Unloading class 0x0000024e011ac000 'java/lang/invoke/LambdaForm$MH+0x0000024e011ac000'
Event: 6.993 Thread 0x0000024e4781e310 Unloading class 0x0000024e011abc00 'java/lang/invoke/LambdaForm$BMH+0x0000024e011abc00'
Event: 6.993 Thread 0x0000024e4781e310 Unloading class 0x0000024e011ab800 'java/lang/invoke/LambdaForm$DMH+0x0000024e011ab800'
Event: 6.993 Thread 0x0000024e4781e310 Unloading class 0x0000024e011aa400 'java/lang/invoke/LambdaForm$DMH+0x0000024e011aa400'
Event: 9.028 Thread 0x0000024e4781e310 Unloading class 0x0000024e012ea800 'java/lang/invoke/LambdaForm$MH+0x0000024e012ea800'
Event: 9.028 Thread 0x0000024e4781e310 Unloading class 0x0000024e012e9c00 'java/lang/invoke/LambdaForm$MH+0x0000024e012e9c00'
Event: 9.028 Thread 0x0000024e4781e310 Unloading class 0x0000024e012e9800 'java/lang/invoke/LambdaForm$MH+0x0000024e012e9800'
Event: 9.028 Thread 0x0000024e4781e310 Unloading class 0x0000024e012e9000 'java/lang/invoke/LambdaForm$MH+0x0000024e012e9000'
Event: 9.028 Thread 0x0000024e4781e310 Unloading class 0x0000024e012e8400 'java/lang/invoke/LambdaForm$DMH+0x0000024e012e8400'
Event: 9.028 Thread 0x0000024e4781e310 Unloading class 0x0000024e012e3c00 'java/lang/invoke/LambdaForm$MH+0x0000024e012e3c00'

Classes redefined (0 events):
No events

Internal exceptions (20 events):
Event: 59.183 Thread 0x0000024e609603f0 Exception <a 'java/lang/NoSuchMethodError'{0x00000000d56b6d60}: 'int java.lang.invoke.DirectMethodHandle$Holder.invokeStatic(java.lang.Object)'> (0x00000000d56b6d60) 
thrown [s\src\hotspot\share\interpreter\linkResolver.cpp, line 773]
Event: 59.224 Thread 0x0000024e609603f0 Exception <a 'java/io/FileNotFoundException'{0x00000000d5ce4b20}> (0x00000000d5ce4b20) 
thrown [s\src\hotspot\share\prims\jni.cpp, line 520]
Event: 59.228 Thread 0x0000024e609603f0 Exception <a 'java/io/FileNotFoundException'{0x00000000d5ce6030}> (0x00000000d5ce6030) 
thrown [s\src\hotspot\share\prims\jni.cpp, line 520]
Event: 59.229 Thread 0x0000024e609603f0 Exception <a 'java/io/FileNotFoundException'{0x00000000d5ce7048}> (0x00000000d5ce7048) 
thrown [s\src\hotspot\share\prims\jni.cpp, line 520]
Event: 59.291 Thread 0x0000024e609624c0 Exception <a 'java/lang/NoSuchMethodError'{0x00000000d657b2b8}: 'java.lang.Object java.lang.invoke.DirectMethodHandle$Holder.invokeSpecial(java.lang.Object, java.lang.Object, int, long)'> (0x00000000d657b2b8) 
thrown [s\src\hotspot\share\interpreter\linkResolver.cpp, line 773]
Event: 59.540 Thread 0x0000024e609603f0 Exception <a 'java/lang/NoSuchMethodError'{0x00000000d5b3f0c8}: 'int java.lang.invoke.DirectMethodHandle$Holder.invokeSpecialIFC(java.lang.Object, java.lang.Object, java.lang.Object)'> (0x00000000d5b3f0c8) 
thrown [s\src\hotspot\share\interpreter\linkResolver.cpp, line 773]
Event: 59.981 Thread 0x0000024e65464e80 Exception <a 'java/lang/NoSuchMethodError'{0x00000000d6060ce0}: 'java.lang.Object java.lang.invoke.DirectMethodHandle$Holder.invokeStatic(java.lang.Object, java.lang.Object, int, java.lang.Object, java.lang.Object)'> (0x00000000d6060ce0) 
thrown [s\src\hotspot\share\interpreter\linkResolver.cpp, line 773]
Event: 60.057 Thread 0x0000024e609603f0 Exception <a 'java/lang/NoSuchMethodError'{0x00000000d5b82550}: 'java.lang.Object java.lang.invoke.DirectMethodHandle$Holder.newInvokeSpecial(java.lang.Object, java.lang.Object, int, int, java.lang.Object)'> (0x00000000d5b82550) 
thrown [s\src\hotspot\share\interpreter\linkResolver.cpp, line 773]
Event: 60.068 Thread 0x0000024e609603f0 Exception <a 'sun/nio/fs/WindowsException'{0x00000000d5d49e70}> (0x00000000d5d49e70) 
thrown [s\src\hotspot\share\prims\jni.cpp, line 520]
Event: 60.068 Thread 0x0000024e609603f0 Exception <a 'sun/nio/fs/WindowsException'{0x00000000d5d4a660}> (0x00000000d5d4a660) 
thrown [s\src\hotspot\share\prims\jni.cpp, line 520]
Event: 73.502 Thread 0x0000024e6095f6d0 Exception <a 'sun/nio/fs/WindowsException'{0x00000000d5626a18}> (0x00000000d5626a18) 
thrown [s\src\hotspot\share\prims\jni.cpp, line 520]
Event: 73.553 Thread 0x0000024e6095f6d0 Implicit null exception at 0x0000024e5292ef62 to 0x0000024e52931658
Event: 73.891 Thread 0x0000024e6095f6d0 Exception <a 'sun/nio/fs/WindowsException'{0x00000000d5850e58}> (0x00000000d5850e58) 
thrown [s\src\hotspot\share\prims\jni.cpp, line 520]
Event: 73.996 Thread 0x0000024e68d03450 Exception <a 'java/lang/IncompatibleClassChangeError'{0x00000000d5588cc0}: Found class java.lang.Object, but interface was expected> (0x00000000d5588cc0) 
thrown [s\src\hotspot\share\interpreter\linkResolver.cpp, line 840]
Event: 74.236 Thread 0x0000024e68d03450 Exception <a 'java/lang/IncompatibleClassChangeError'{0x00000000d56d4bd0}: Found class java.lang.Object, but interface was expected> (0x00000000d56d4bd0) 
thrown [s\src\hotspot\share\interpreter\linkResolver.cpp, line 840]
Event: 74.339 Thread 0x0000024e68d03450 Exception <a 'java/lang/IncompatibleClassChangeError'{0x00000000d559fe20}: Found class java.lang.Object, but interface was expected> (0x00000000d559fe20) 
thrown [s\src\hotspot\share\interpreter\linkResolver.cpp, line 840]
Event: 74.342 Thread 0x0000024e68d03450 Exception <a 'java/lang/IncompatibleClassChangeError'{0x00000000d55c5bc0}: Found class java.lang.Object, but interface was expected> (0x00000000d55c5bc0) 
thrown [s\src\hotspot\share\interpreter\linkResolver.cpp, line 840]
Event: 74.346 Thread 0x0000024e68d03450 Exception <a 'java/lang/IncompatibleClassChangeError'{0x00000000d55eb2e0}: Found class java.lang.Object, but interface was expected> (0x00000000d55eb2e0) 
thrown [s\src\hotspot\share\interpreter\linkResolver.cpp, line 840]
Event: 74.350 Thread 0x0000024e68d075f0 Exception <a 'java/lang/NoSuchMethodError'{0x00000000d5610f20}: 'java.lang.Object java.lang.invoke.DirectMethodHandle$Holder.invokeStatic(java.lang.Object, int, int, java.lang.Object)'> (0x00000000d5610f20) 
thrown [s\src\hotspot\share\interpreter\linkResolver.cpp, line 773]
Event: 74.351 Thread 0x0000024e68d03450 Exception <a 'java/lang/IncompatibleClassChangeError'{0x00000000d5614710}: Found class java.lang.Object, but interface was expected> (0x00000000d5614710) 
thrown [s\src\hotspot\share\interpreter\linkResolver.cpp, line 840]

ZGC Phase Switch (0 events):
No events

VM Operations (20 events):
Event: 73.919 Executing safepoint VM operation: ParallelGCFailedAllocation (Allocation Failure)
Event: 73.922 Executing safepoint VM operation: ParallelGCFailedAllocation (Allocation Failure) done
Event: 73.990 Executing safepoint VM operation: ParallelGCFailedAllocation (Allocation Failure)
Event: 73.995 Executing safepoint VM operation: ParallelGCFailedAllocation (Allocation Failure) done
Event: 74.020 Executing safepoint VM operation: ParallelGCFailedAllocation (Allocation Failure)
Event: 74.026 Executing safepoint VM operation: ParallelGCFailedAllocation (Allocation Failure) done
Event: 74.056 Executing safepoint VM operation: ParallelGCFailedAllocation (Allocation Failure)
Event: 74.060 Executing safepoint VM operation: ParallelGCFailedAllocation (Allocation Failure) done
Event: 74.168 Executing safepoint VM operation: ParallelGCFailedAllocation (Allocation Failure)
Event: 74.172 Executing safepoint VM operation: ParallelGCFailedAllocation (Allocation Failure) done
Event: 74.245 Executing safepoint VM operation: ParallelGCFailedAllocation (Allocation Failure)
Event: 74.248 Executing safepoint VM operation: ParallelGCFailedAllocation (Allocation Failure) done
Event: 74.296 Executing safepoint VM operation: ParallelGCFailedAllocation (Allocation Failure)
Event: 74.298 Executing safepoint VM operation: ParallelGCFailedAllocation (Allocation Failure) done
Event: 74.333 Executing safepoint VM operation: ParallelGCFailedAllocation (Allocation Failure)
Event: 74.335 Executing safepoint VM operation: ParallelGCFailedAllocation (Allocation Failure) done
Event: 74.369 Executing safepoint VM operation: ParallelGCFailedAllocation (Allocation Failure)
Event: 74.372 Executing safepoint VM operation: ParallelGCFailedAllocation (Allocation Failure) done
Event: 74.397 Executing safepoint VM operation: ParallelGCFailedAllocation (Allocation Failure)
Event: 74.401 Executing safepoint VM operation: ParallelGCFailedAllocation (Allocation Failure) done

Memory protections (0 events):
No events

Nmethod flushes (20 events):
Event: 57.487 Thread 0x0000024e4781e310 flushing  nmethod 0x0000024e4b19d910
Event: 57.487 Thread 0x0000024e4781e310 flushing  nmethod 0x0000024e4b19e790
Event: 57.487 Thread 0x0000024e4781e310 flushing  nmethod 0x0000024e4b1a0890
Event: 57.487 Thread 0x0000024e4781e310 flushing  nmethod 0x0000024e4b1a7510
Event: 57.487 Thread 0x0000024e4781e310 flushing  nmethod 0x0000024e4b1ac010
Event: 57.487 Thread 0x0000024e4781e310 flushing  nmethod 0x0000024e4b1b3490
Event: 57.487 Thread 0x0000024e4781e310 flushing  nmethod 0x0000024e4b1beb90
Event: 57.487 Thread 0x0000024e4781e310 flushing  nmethod 0x0000024e4b1e0610
Event: 57.487 Thread 0x0000024e4781e310 flushing  nmethod 0x0000024e4b1e6210
Event: 57.487 Thread 0x0000024e4781e310 flushing  nmethod 0x0000024e4b1e7210
Event: 57.487 Thread 0x0000024e4781e310 flushing  nmethod 0x0000024e4b1e8690
Event: 57.487 Thread 0x0000024e4781e310 flushing  nmethod 0x0000024e4b1ea290
Event: 57.487 Thread 0x0000024e4781e310 flushing  nmethod 0x0000024e4b1eb810
Event: 57.487 Thread 0x0000024e4781e310 flushing  nmethod 0x0000024e4b1ebe10
Event: 57.487 Thread 0x0000024e4781e310 flushing  nmethod 0x0000024e4b1ece10
Event: 57.487 Thread 0x0000024e4781e310 flushing  nmethod 0x0000024e4b1ed210
Event: 57.487 Thread 0x0000024e4781e310 flushing  nmethod 0x0000024e4b1ed690
Event: 57.487 Thread 0x0000024e4781e310 flushing  nmethod 0x0000024e4b1f6410
Event: 57.487 Thread 0x0000024e4781e310 flushing  nmethod 0x0000024e4b220d10
Event: 57.487 Thread 0x0000024e4781e310 flushing osr nmethod 0x0000024e4b263010

Events (20 events):
Event: 59.647 Thread 0x0000024e609603f0 Thread added: 0x0000024e65464e80
Event: 60.060 Thread 0x0000024e609603f0 Thread added: 0x0000024e654668c0
Event: 62.515 Thread 0x0000024e66c0b340 Thread exited: 0x0000024e66c0b340
Event: 62.788 Thread 0x0000024e66c09ed0 Thread exited: 0x0000024e66c09ed0
Event: 71.462 Thread 0x0000024e60117d00 Thread added: 0x0000024e66c09ed0
Event: 72.691 Thread 0x0000024e66c09ed0 Thread exited: 0x0000024e66c09ed0
Event: 73.019 Thread 0x0000024e60117d00 Thread added: 0x0000024e66c09ed0
Event: 73.514 Thread 0x0000024e66c09ed0 Thread exited: 0x0000024e66c09ed0
Event: 73.582 Thread 0x0000024e601383c0 Thread added: 0x0000024e66c0ac70
Event: 73.622 Thread 0x0000024e601383c0 Thread added: 0x0000024e66c09ed0
Event: 73.984 Thread 0x0000024e68d075f0 Thread added: 0x0000024e65469d40
Event: 74.344 Thread 0x0000024e68d03450 Thread added: 0x0000024e65468990
Event: 74.345 Thread 0x0000024e65468990 Thread added: 0x0000024e654675e0
Event: 74.348 Thread 0x0000024e68d03450 Thread added: 0x0000024e65468300
Event: 74.349 Thread 0x0000024e65469d40 Thread added: 0x0000024e65466f50
Event: 74.349 Thread 0x0000024e66c09ed0 Thread exited: 0x0000024e66c09ed0
Event: 74.355 Thread 0x0000024e68d03450 Thread added: 0x0000024e65467c70
Event: 74.384 Thread 0x0000024e65468300 Thread added: 0x0000024e6546a3d0
Event: 74.402 Thread 0x0000024e6546a3d0 Thread added: 0x0000024e67773f30
Event: 74.404 Thread 0x0000024e67773f30 Thread added: 0x0000024e677745c0


Dynamic libraries:
0x00007ff78df10000 - 0x00007ff78df1e000 	c:\Users\olive\.vscode\extensions\redhat.java-1.53.0-win32-x64\jre\21.0.10-win32-x86_64\bin\java.exe
0x00007ff9b7220000 - 0x00007ff9b7488000 	C:\WINDOWS\SYSTEM32\ntdll.dll
0x00007ff9b5f90000 - 0x00007ff9b6059000 	C:\WINDOWS\System32\KERNEL32.DLL
0x00007ff9b4720000 - 0x00007ff9b4b11000 	C:\WINDOWS\System32\KERNELBASE.dll
0x00007ff9b4b20000 - 0x00007ff9b4c6b000 	C:\WINDOWS\System32\ucrtbase.dll
0x00007ff9978f0000 - 0x00007ff997908000 	c:\Users\olive\.vscode\extensions\redhat.java-1.53.0-win32-x64\jre\21.0.10-win32-x86_64\bin\jli.dll
0x00007ff9a3500000 - 0x00007ff9a351e000 	c:\Users\olive\.vscode\extensions\redhat.java-1.53.0-win32-x64\jre\21.0.10-win32-x86_64\bin\VCRUNTIME140.dll
0x00007ff9b6060000 - 0x00007ff9b6226000 	C:\WINDOWS\System32\USER32.dll
0x00007ff9b46f0000 - 0x00007ff9b4717000 	C:\WINDOWS\System32\win32u.dll
0x00007ff9b67f0000 - 0x00007ff9b681b000 	C:\WINDOWS\System32\GDI32.dll
0x00007ff9b4de0000 - 0x00007ff9b4f0b000 	C:\WINDOWS\System32\gdi32full.dll
0x00007ff99d8d0000 - 0x00007ff99db63000 	C:\WINDOWS\WinSxS\amd64_microsoft.windows.common-controls_6595b64144ccf1df_6.0.26100.7824_none_3e0870b2e3345462\COMCTL32.dll
0x00007ff9b4f10000 - 0x00007ff9b4fb3000 	C:\WINDOWS\System32\msvcp_win.dll
0x00007ff9b5000000 - 0x00007ff9b50a9000 	C:\WINDOWS\System32\msvcrt.dll
0x00007ff9b5a10000 - 0x00007ff9b5a41000 	C:\WINDOWS\System32\IMM32.DLL
0x00007ff9acd50000 - 0x00007ff9acd5c000 	c:\Users\olive\.vscode\extensions\redhat.java-1.53.0-win32-x64\jre\21.0.10-win32-x86_64\bin\vcruntime140_1.dll
0x00007ff975420000 - 0x00007ff9754ad000 	c:\Users\olive\.vscode\extensions\redhat.java-1.53.0-win32-x64\jre\21.0.10-win32-x86_64\bin\msvcp140.dll
0x00007ff90cf10000 - 0x00007ff90dcb1000 	c:\Users\olive\.vscode\extensions\redhat.java-1.53.0-win32-x64\jre\21.0.10-win32-x86_64\bin\server\jvm.dll
0x00007ff9b6730000 - 0x00007ff9b67e4000 	C:\WINDOWS\System32\ADVAPI32.dll
0x00007ff9b65f0000 - 0x00007ff9b6696000 	C:\WINDOWS\System32\sechost.dll
0x00007ff9b5ab0000 - 0x00007ff9b5bc8000 	C:\WINDOWS\System32\RPCRT4.dll
0x00007ff9b6820000 - 0x00007ff9b6894000 	C:\WINDOWS\System32\WS2_32.dll
0x00007ff9ac2c0000 - 0x00007ff9ac2cb000 	C:\WINDOWS\SYSTEM32\VERSION.dll
0x00007ff9b3960000 - 0x00007ff9b39be000 	C:\WINDOWS\SYSTEM32\POWRPROF.dll
0x00007ff9a9cd0000 - 0x00007ff9a9d05000 	C:\WINDOWS\SYSTEM32\WINMM.dll
0x00007ff9b3940000 - 0x00007ff9b3954000 	C:\WINDOWS\SYSTEM32\UMPDC.dll
0x00007ff9b28a0000 - 0x00007ff9b28bb000 	C:\WINDOWS\SYSTEM32\kernel.appcore.dll
0x00007ff99cbf0000 - 0x00007ff99cbfa000 	c:\Users\olive\.vscode\extensions\redhat.java-1.53.0-win32-x64\jre\21.0.10-win32-x86_64\bin\jimage.dll
0x00007ff9b17a0000 - 0x00007ff9b19e2000 	C:\WINDOWS\SYSTEM32\DBGHELP.DLL
0x00007ff9b5c00000 - 0x00007ff9b5f86000 	C:\WINDOWS\System32\combase.dll
0x00007ff9b7000000 - 0x00007ff9b70d7000 	C:\WINDOWS\System32\OLEAUT32.dll
0x00007ff991f50000 - 0x00007ff991f8b000 	C:\WINDOWS\SYSTEM32\dbgcore.DLL
0x00007ff9b4640000 - 0x00007ff9b46e5000 	C:\WINDOWS\System32\bcryptPrimitives.dll
0x00007ff9918c0000 - 0x00007ff9918cf000 	c:\Users\olive\.vscode\extensions\redhat.java-1.53.0-win32-x64\jre\21.0.10-win32-x86_64\bin\instrument.dll
0x00007ff9978d0000 - 0x00007ff9978f0000 	c:\Users\olive\.vscode\extensions\redhat.java-1.53.0-win32-x64\jre\21.0.10-win32-x86_64\bin\java.dll
0x00007ff9b68a0000 - 0x00007ff9b6ff2000 	C:\WINDOWS\System32\SHELL32.dll
0x00007ff9b4c70000 - 0x00007ff9b4dda000 	C:\WINDOWS\System32\wintypes.dll
0x00007ff9b3b90000 - 0x00007ff9b43f3000 	C:\WINDOWS\System32\windows.storage.dll
0x00007ff9b70e0000 - 0x00007ff9b71d6000 	C:\WINDOWS\System32\SHCORE.dll
0x00007ff9b58e0000 - 0x00007ff9b5947000 	C:\WINDOWS\System32\shlwapi.dll
0x00007ff9b3a20000 - 0x00007ff9b3a49000 	C:\WINDOWS\SYSTEM32\profapi.dll
0x00007ff9978b0000 - 0x00007ff9978c8000 	c:\Users\olive\.vscode\extensions\redhat.java-1.53.0-win32-x64\jre\21.0.10-win32-x86_64\bin\zip.dll
0x00007ff9918b0000 - 0x00007ff9918c0000 	C:\Users\olive\.vscode\extensions\redhat.java-1.53.0-win32-x64\jre\21.0.10-win32-x86_64\bin\net.dll
0x00007ff9ace80000 - 0x00007ff9acfa7000 	C:\WINDOWS\SYSTEM32\WINHTTP.dll
0x00007ff9b2e10000 - 0x00007ff9b2e7b000 	C:\WINDOWS\system32\mswsock.dll
0x00007ff990870000 - 0x00007ff990886000 	C:\Users\olive\.vscode\extensions\redhat.java-1.53.0-win32-x64\jre\21.0.10-win32-x86_64\bin\nio.dll
0x00007ff98b700000 - 0x00007ff98b710000 	c:\Users\olive\.vscode\extensions\redhat.java-1.53.0-win32-x64\jre\21.0.10-win32-x86_64\bin\verify.dll
0x00007ff97f440000 - 0x00007ff97f485000 	C:\Users\olive\AppData\Roaming\Code\User\globalStorage\redhat.java\1.53.0\config_win\org.eclipse.equinox.launcher\org.eclipse.equinox.launcher.win32.win32.x86_64_1.3.0.v20260203-2149\eclipse_11919.dll
0x00007ff9b5550000 - 0x00007ff9b56e7000 	C:\WINDOWS\System32\ole32.dll
0x00007ff98b6f0000 - 0x00007ff98b6fa000 	C:\Users\olive\.vscode\extensions\redhat.java-1.53.0-win32-x64\jre\21.0.10-win32-x86_64\bin\management.dll
0x00007ff98b6e0000 - 0x00007ff98b6ec000 	C:\Users\olive\.vscode\extensions\redhat.java-1.53.0-win32-x64\jre\21.0.10-win32-x86_64\bin\management_ext.dll
0x00007ff9b5540000 - 0x00007ff9b5548000 	C:\WINDOWS\System32\PSAPI.DLL
0x00007ff9b30e0000 - 0x00007ff9b30fb000 	C:\WINDOWS\SYSTEM32\CRYPTSP.dll
0x00007ff9b2800000 - 0x00007ff9b2839000 	C:\WINDOWS\system32\rsaenh.dll
0x00007ff9b2ec0000 - 0x00007ff9b2eeb000 	C:\WINDOWS\SYSTEM32\USERENV.dll
0x00007ff9b39f0000 - 0x00007ff9b3a1a000 	C:\WINDOWS\SYSTEM32\bcrypt.dll
0x00007ff9b3100000 - 0x00007ff9b310c000 	C:\WINDOWS\SYSTEM32\CRYPTBASE.dll
0x00007ff9b22d0000 - 0x00007ff9b2304000 	C:\WINDOWS\SYSTEM32\IPHLPAPI.DLL
0x00007ff9b4ff0000 - 0x00007ff9b4ffa000 	C:\WINDOWS\System32\NSI.dll
0x00007ff9436f0000 - 0x00007ff943739000 	C:\Users\olive\AppData\Local\Temp\jna-105832923\jna6068935821238303136.dll
0x00007ff9ae270000 - 0x00007ff9ae28e000 	C:\WINDOWS\SYSTEM32\dhcpcsvc6.DLL
0x00007ff9ae240000 - 0x00007ff9ae263000 	C:\WINDOWS\SYSTEM32\dhcpcsvc.DLL
0x00007ff98b6d0000 - 0x00007ff98b6de000 	C:\Users\olive\.vscode\extensions\redhat.java-1.53.0-win32-x64\jre\21.0.10-win32-x86_64\bin\sunmscapi.dll
0x00007ff9b4400000 - 0x00007ff9b4577000 	C:\WINDOWS\System32\CRYPT32.dll
0x00007ff9b3300000 - 0x00007ff9b3330000 	C:\WINDOWS\SYSTEM32\ncrypt.dll
0x00007ff9b32b0000 - 0x00007ff9b32ef000 	C:\WINDOWS\SYSTEM32\NTASN1.dll
0x00007ff9b2370000 - 0x00007ff9b249c000 	C:\WINDOWS\SYSTEM32\DNSAPI.dll
0x00007ff9ad150000 - 0x00007ff9ad15b000 	C:\Windows\System32\rasadhlp.dll
0x00007ff9ae3e0000 - 0x00007ff9ae466000 	C:\WINDOWS\System32\fwpuclnt.dll
0x00007ff98b6c0000 - 0x00007ff98b6c9000 	C:\Users\olive\.vscode\extensions\redhat.java-1.53.0-win32-x64\jre\21.0.10-win32-x86_64\bin\extnet.dll

JVMTI agents:
c:\Users\olive\.vscode\extensions\redhat.java-1.53.0-win32-x64\lombok\lombok-1.18.39-4050.jar path:c:\Users\olive\.vscode\extensions\redhat.java-1.53.0-win32-x64\jre\21.0.10-win32-x86_64\bin\instrument.dll, loaded, initialized, instrumentlib options:none

dbghelp: loaded successfully - version: 4.0.5 - missing functions: none
symbol engine: initialized successfully - sym options: 0x614 - pdb path: .;c:\Users\olive\.vscode\extensions\redhat.java-1.53.0-win32-x64\jre\21.0.10-win32-x86_64\bin;C:\WINDOWS\SYSTEM32;C:\WINDOWS\WinSxS\amd64_microsoft.windows.common-controls_6595b64144ccf1df_6.0.26100.7824_none_3e0870b2e3345462;c:\Users\olive\.vscode\extensions\redhat.java-1.53.0-win32-x64\jre\21.0.10-win32-x86_64\bin\server;C:\Users\olive\AppData\Roaming\Code\User\globalStorage\redhat.java\1.53.0\config_win\org.eclipse.equinox.launcher\org.eclipse.equinox.launcher.win32.win32.x86_64_1.3.0.v20260203-2149;C:\Users\olive\AppData\Local\Temp\jna-105832923

VM Arguments:
jvm_args: --add-modules=ALL-SYSTEM --add-opens=java.base/java.util=ALL-UNNAMED --add-opens=java.base/java.lang=ALL-UNNAMED --add-opens=java.base/sun.nio.fs=ALL-UNNAMED -Declipse.application=org.eclipse.jdt.ls.core.id1 -Dosgi.bundles.defaultStartLevel=4 -Declipse.product=org.eclipse.jdt.ls.core.product -Djava.import.generatesMetadataFilesAtProjectRoot=false -DDetectVMInstallationsJob.disabled=true -Dfile.encoding=utf8 -XX:+UseParallelGC -XX:GCTimeRatio=4 -XX:AdaptiveSizePolicyWeight=90 -Dsun.zip.disableMemoryMapping=true -Xmx2G -Xms100m -Xlog:disable -javaagent:c:\Users\olive\.vscode\extensions\redhat.java-1.53.0-win32-x64\lombok\lombok-1.18.39-4050.jar -XX:+HeapDumpOnOutOfMemoryError -XX:HeapDumpPath=c:\Users\olive\AppData\Roaming\Code\User\workspaceStorage\e2f2a138103fb4953515a920a537e255\redhat.java -Daether.dependencyCollector.impl=bf 
java_command: c:\Users\olive\.vscode\extensions\redhat.java-1.53.0-win32-x64\server\plugins\org.eclipse.equinox.launcher_1.7.100.v20251111-0406.jar -configuration c:\Users\olive\AppData\Roaming\Code\User\globalStorage\redhat.java\1.53.0\config_win -data c:\Users\olive\AppData\Roaming\Code\User\workspaceStorage\e2f2a138103fb4953515a920a537e255\redhat.java\jdt_ws --pipe=\\.\pipe\lsp-ed982e2d7e8ddf8a06439188b8eea18d-sock
java_class_path (initial): c:\Users\olive\.vscode\extensions\redhat.java-1.53.0-win32-x64\server\plugins\org.eclipse.equinox.launcher_1.7.100.v20251111-0406.jar
Launcher Type: SUN_STANDARD

[Global flags]
    uintx AdaptiveSizePolicyWeight                 = 90                                        {product} {command line}
     intx CICompilerCount                          = 4                                         {product} {ergonomic}
    uintx GCTimeRatio                              = 4                                         {product} {command line}
     bool HeapDumpOnOutOfMemoryError               = true                                   {manageable} {command line}
    ccstr HeapDumpPath                             = c:\Users\olive\AppData\Roaming\Code\User\workspaceStorage\e2f2a138103fb4953515a920a537e255\redhat.java         {manageable} {command line}
   size_t InitialHeapSize                          = 104857600                                 {product} {command line}
   size_t MaxHeapSize                              = 2147483648                                {product} {command line}
   size_t MaxNewSize                               = 715653120                                 {product} {ergonomic}
   size_t MinHeapDeltaBytes                        = 524288                                    {product} {ergonomic}
   size_t MinHeapSize                              = 104857600                                 {product} {command line}
   size_t NewSize                                  = 34603008                                  {product} {ergonomic}
    uintx NonNMethodCodeHeapSize                   = 5839372                                {pd product} {ergonomic}
    uintx NonProfiledCodeHeapSize                  = 122909434                              {pd product} {ergonomic}
   size_t OldSize                                  = 70254592                                  {product} {ergonomic}
    uintx ProfiledCodeHeapSize                     = 122909434                              {pd product} {ergonomic}
    uintx ReservedCodeCacheSize                    = 251658240                              {pd product} {ergonomic}
     bool SegmentedCodeCache                       = true                                      {product} {ergonomic}
   size_t SoftMaxHeapSize                          = 2147483648                             {manageable} {ergonomic}
     bool UseCompressedOops                        = true                           {product lp64_product} {ergonomic}
     bool UseLargePagesIndividualAllocation        = false                                  {pd product} {ergonomic}
     bool UseParallelGC                            = true                                      {product} {command line}

Logging:
Log output configuration:
 #0: stdout all=off uptime,level,tags foldmultilines=false
 #1: stderr all=off uptime,level,tags foldmultilines=false

Release file:
JAVA_VERSION="21.0.10" 
MODULES="java.base java.compiler java.datatransfer java.xml java.prefs java.desktop java.instrument java.logging java.management java.security.sasl java.naming java.rmi java.management.rmi java.net.http java.scripting java.security.jgss java.transaction.xa java.sql java.sql.rowset java.xml.crypto java.se java.smartcardio jdk.accessibility jdk.internal.jvmstat jdk.attach jdk.charsets jdk.internal.opt jdk.zipfs jdk.compiler jdk.crypto.ec jdk.crypto.cryptoki jdk.crypto.mscapi jdk.dynalink jdk.internal.ed jdk.editpad jdk.hotspot.agent jdk.httpserver jdk.internal.le jdk.internal.vm.ci jdk.internal.vm.compiler jdk.internal.vm.compiler.management jdk.jartool jdk.javadoc jdk.jcmd jdk.management jdk.management.agent jdk.jconsole jdk.jdeps jdk.jdwp.agent jdk.jdi jdk.jfr jdk.jshell jdk.jsobject jdk.jstatd jdk.localedata jdk.management.jfr jdk.naming.dns jdk.naming.rmi jdk.net jdk.nio.mapmode jdk.random jdk.sctp jdk.security.auth jdk.security.jgss jdk.unsupported jdk.unsupported.desktop jdk.xml.dom" 

Environment Variables:
PATH=C:\Windows\system32;C:\Windows;C:\Windows\System32\Wbem;C:\Windows\System32\WindowsPowerShell\v1.0\;C:\Windows\System32\OpenSSH\;C:\Program Files (x86)\NVIDIA Corporation\PhysX\Common;C:\WINDOWS\system32;C:\WINDOWS;C:\WINDOWS\System32\Wbem;C:\WINDOWS\System32\WindowsPowerShell\v1.0\;C:\WINDOWS\System32\OpenSSH\;C:\Program Files\dotnet\;C:\Program Files\NVIDIA Corporation\NVIDIA App\NvDLISR;C:\Program Files\Git\cmd;C:\Program Files\nodejs\;C:\Program Files\Cloudflare\Cloudflare WARP\;C:\Users\olive\AppData\Local\Programs\Eclipse Adoptium\jdk-25.0.1.8-hotspot\bin;C:\Users\olive\AppData\Local\Microsoft\WindowsApps;C:\Users\olive\AppData\Local\Programs\Microsoft VS Code\bin;C:\Users\olive\AppData\Roaming\npm;C:\Users\olive\AppData\Local\PowerToys\DSCModules\;C:\ghcup\bin;C:\Program Files\JetBrains\IntelliJ IDEA 2025.3.1.1\bin
USERNAME=olive
OS=Windows_NT
PROCESSOR_IDENTIFIER=AMD64 Family 23 Model 96 Stepping 1, AuthenticAMD
TMP=C:\Users\olive\AppData\Local\Temp
TEMP=C:\Users\olive\AppData\Local\Temp




Periodic native trim disabled

---------------  S Y S T E M  ---------------

OS:
 Windows 11 , 64 bit Build 26100 (10.0.26100.7705)
OS uptime: 3 days 7:14 hours
Hyper-V role detected

CPU: total 12 (initial active 12) (12 cores per cpu, 2 threads per core) family 23 model 96 stepping 1 microcode 0x8600106, cx8, cmov, fxsr, ht, mmx, 3dnowpref, sse, sse2, sse3, ssse3, sse4a, sse4.1, sse4.2, popcnt, lzcnt, tsc, tscinvbit, avx, avx2, aes, clmul, bmi1, bmi2, adx, sha, fma, vzeroupper, clflush, clflushopt, hv, rdtscp, rdpid, f16c
Processor Information for the first 12 processors :
  Max Mhz: 3001, Current Mhz: 3001, Mhz Limit: 3001

Memory: 4k page, system-wide physical 7598M (1468M free)
TotalPageFile size 31150M (AvailPageFile size 391M)
current process WorkingSet (physical memory assigned to process): 684M, peak: 684M
current process commit charge ("private bytes"): 708M, peak: 708M

vm_info: OpenJDK 64-Bit Server VM (21.0.10+7-LTS) for windows-amd64 JRE (21.0.10+7-LTS), built on 2026-01-20T00:00:00Z by "admin" with MS VC++ 17.12 (VS2022)

END.
